[2022-10-28 17:27:55.446 -04:00  WRN]  Delaying for 16,76 seconds, then making retry Polly.Context
[2022-10-28 17:28:12.805 -04:00  INF]  Executing OkObjectResult, writing value of type 'MsCommun.Reponses.ReponseDeRequette'.
[2022-10-28 17:28:41.236 -04:00  INF]  Entity Framework Core 6.0.10 initialized 'SchoolConfigDbContext' using provider 'Microsoft.EntityFrameworkCore.Sqlite:6.0.10' with options: None
[2022-10-28 17:28:41.253 -04:00  INF]  Executed DbCommand (0ms) [Parameters=[], CommandType='"Text"', CommandTimeout='30']
SELECT "n"."Id", "n"."Complete", "n"."DateCreation", "n"."DateDerniereModification", "n"."Designation", "n"."FiliereCycleId", "n"."ValeurCycle"
FROM "Niveaux" AS "n"
[2022-10-28 17:28:41.275 -04:00  INF]  Executing OkObjectResult, writing value of type 'System.Collections.Generic.List`1[[Gesc.Api.Dtos.Config.Niveaux.NiveauDto, Gesc.Api, Version=1.0.0.0, Culture=neutral, PublicKeyToken=null]]'.
[2022-10-28 17:29:41.976 -04:00  INF]  Entity Framework Core 6.0.10 initialized 'SchoolConfigDbContext' using provider 'Microsoft.EntityFrameworkCore.Sqlite:6.0.10' with options: None
[2022-10-28 17:29:41.990 -04:00  INF]  Executed DbCommand (0ms) [Parameters=[@__id_0='?' (DbType = Guid)], CommandType='"Text"', CommandTimeout='30']
SELECT "f"."Id", "f"."CycleId", "f"."DateCreation", "f"."DateDerniereModification", "f"."FiliereId"
FROM "FiliereCycles" AS "f"
WHERE "f"."Id" = @__id_0
LIMIT 2
[2022-10-28 17:29:41.998 -04:00  INF]  Executed DbCommand (0ms) [Parameters=[@p1='?' (DbType = Guid), @p0='?' (DbType = DateTime)], CommandType='"Text"', CommandTimeout='30']
UPDATE "FiliereCycles" SET "DateDerniereModification" = @p0
WHERE "Id" = @p1;
SELECT changes();
[2022-10-28 17:29:42.031 -04:00  INF]  Executed DbCommand (0ms) [Parameters=[@p0='?' (DbType = Guid), @p1='?' (DbType = Boolean), @p2='?' (DbType = DateTime), @p3='?' (DbType = DateTime), @p4='?' (Size = 4), @p5='?' (DbType = Guid), @p6='?' (DbType = Int32)], CommandType='"Text"', CommandTimeout='30']
INSERT INTO "Niveaux" ("Id", "Complete", "DateCreation", "DateDerniereModification", "Designation", "FiliereCycleId", "ValeurCycle")
VALUES (@p0, @p1, @p2, @p3, @p4, @p5, @p6);
[2022-10-28 17:29:42.048 -04:00  INF]  Executed DbCommand (0ms) [Parameters=[@p1='?' (DbType = Guid), @p0='?' (DbType = DateTime)], CommandType='"Text"', CommandTimeout='30']
UPDATE "FiliereCycles" SET "DateDerniereModification" = @p0
WHERE "Id" = @p1;
SELECT changes();
[2022-10-28 17:29:42.053 -04:00  INF]  Executed DbCommand (0ms) [Parameters=[@p1='?' (DbType = Guid), @p0='?' (DbType = DateTime)], CommandType='"Text"', CommandTimeout='30']
UPDATE "Niveaux" SET "DateDerniereModification" = @p0
WHERE "Id" = @p1;
SELECT changes();
[2022-10-28 17:29:42.060 -04:00  INF]  Start processing HTTP request POST "http://localhost:5246/api/Niveau"
[2022-10-28 17:29:42.062 -04:00  INF]  Sending HTTP request POST "http://localhost:5246/api/Niveau"
[2022-10-28 17:29:42.200 -04:00  INF]  Received HTTP response headers after 136.3059ms - 200
[2022-10-28 17:29:42.207 -04:00  INF]  End processing HTTP request after 147.7351ms - 200
[2022-10-28 17:29:42.214 -04:00  INF]  Executed DbCommand (0ms) [Parameters=[@p1='?' (DbType = Guid), @p0='?' (DbType = DateTime)], CommandType='"Text"', CommandTimeout='30']
UPDATE "FiliereCycles" SET "DateDerniereModification" = @p0
WHERE "Id" = @p1;
SELECT changes();
[2022-10-28 17:29:42.220 -04:00  INF]  Executed DbCommand (0ms) [Parameters=[@p6='?' (DbType = Guid), @p0='?' (DbType = Boolean), @p1='?' (DbType = DateTime), @p2='?' (DbType = DateTime), @p3='?' (Size = 4), @p4='?' (DbType = Guid), @p5='?' (DbType = Int32)], CommandType='"Text"', CommandTimeout='30']
UPDATE "Niveaux" SET "Complete" = @p0, "DateCreation" = @p1, "DateDerniereModification" = @p2, "Designation" = @p3, "FiliereCycleId" = @p4, "ValeurCycle" = @p5
WHERE "Id" = @p6;
SELECT changes();
[2022-10-28 17:29:42.229 -04:00  INF]  Executing OkObjectResult, writing value of type 'MsCommun.Reponses.ReponseDeRequette'.
