[2022-10-28 17:12:38.747 -04:00  INF]  Now listening on: https://localhost:7020
[2022-10-28 17:12:38.878 -04:00  INF]  Now listening on: http://localhost:5020
[2022-10-28 17:12:38.885 -04:00  INF]  Application started. Press Ctrl+C to shut down.
[2022-10-28 17:12:38.887 -04:00  INF]  Hosting environment: Development
[2022-10-28 17:12:38.888 -04:00  INF]  Content root path: C:\Users\tsill\Documents\GitHub\Schoolap\Backend1.0\GCE\Gesc.Api\
[2022-10-28 17:12:45.125 -04:00  INF]  Request starting HTTP/2 GET https://localhost:7020/swagger/index.html - -
[2022-10-28 17:12:46.299 -04:00  INF]  Request finished HTTP/2 GET https://localhost:7020/swagger/index.html - - - 200 - text/html;charset=utf-8 1216.2871ms
[2022-10-28 17:12:46.457 -04:00  INF]  Request starting HTTP/2 GET https://localhost:7020/_framework/aspnetcore-browser-refresh.js - -
[2022-10-28 17:12:46.491 -04:00  INF]  Request finished HTTP/2 GET https://localhost:7020/_framework/aspnetcore-browser-refresh.js - - - 200 11984 application/javascript;+charset=utf-8 33.8446ms
[2022-10-28 17:12:46.532 -04:00  INF]  Request starting HTTP/2 GET https://localhost:7020/_vs/browserLink - -
[2022-10-28 17:12:46.989 -04:00  INF]  Request finished HTTP/2 GET https://localhost:7020/_vs/browserLink - - - 200 - text/javascript;+charset=UTF-8 456.8540ms
[2022-10-28 17:12:47.180 -04:00  INF]  Request starting HTTP/2 GET https://localhost:7020/swagger/v1/swagger.json - -
[2022-10-28 17:12:47.719 -04:00  INF]  Request finished HTTP/2 GET https://localhost:7020/swagger/v1/swagger.json - - - 200 - application/json;charset=utf-8 539.1372ms
[2022-10-28 17:13:21.985 -04:00  INF]  Request starting HTTP/1.1 GET https://localhost:7020/api/Ecole - -
[2022-10-28 17:13:22.019 -04:00  INF]  Executing endpoint 'Gesc.Api.Controllers.EcoleController.LireTousLesEcoles (Gesc.Api)'
[2022-10-28 17:13:22.066 -04:00  INF]  Route matched with {action = "LireTousLesEcoles", controller = "Ecole"}. Executing controller action with signature System.Threading.Tasks.Task`1[Microsoft.AspNetCore.Mvc.ActionResult`1[System.Collections.Generic.List`1[Gesc.Api.Dtos.Config.Ecole.EcoleDto]]] LireTousLesEcoles() on controller Gesc.Api.Controllers.EcoleController (Gesc.Api).
[2022-10-28 17:13:25.083 -04:00  INF]  Entity Framework Core 6.0.10 initialized 'SchoolConfigDbContext' using provider 'Microsoft.EntityFrameworkCore.Sqlite:6.0.10' with options: None
[2022-10-28 17:13:26.584 -04:00  INF]  Executed DbCommand (72ms) [Parameters=[], CommandType='"Text"', CommandTimeout='30']
SELECT "e"."Id", "e"."Cygle", "e"."DateCreation", "e"."DateDerniereModification", "e"."Description", "e"."Designation", "e"."Specialite"
FROM "Ecoles" AS "e"
[2022-10-28 17:13:26.869 -04:00  INF]  Executing OkObjectResult, writing value of type 'System.Collections.Generic.List`1[[Gesc.Api.Dtos.Config.Ecole.EcoleDto, Gesc.Api, Version=1.0.0.0, Culture=neutral, PublicKeyToken=null]]'.
[2022-10-28 17:13:26.918 -04:00  INF]  Executed action Gesc.Api.Controllers.EcoleController.LireTousLesEcoles (Gesc.Api) in 4839.7206ms
[2022-10-28 17:13:26.921 -04:00  INF]  Executed endpoint 'Gesc.Api.Controllers.EcoleController.LireTousLesEcoles (Gesc.Api)'
[2022-10-28 17:13:26.936 -04:00  INF]  Request finished HTTP/1.1 GET https://localhost:7020/api/Ecole - - - 200 - application/json;+charset=utf-8 4950.8415ms
[2022-10-28 17:13:38.382 -04:00  INF]  Request starting HTTP/1.1 GET https://localhost:7020/api/Niveau - -
[2022-10-28 17:13:38.390 -04:00  INF]  Executing endpoint 'Gesc.Api.Controllers.NiveauController.LireTousLesNiveaus (Gesc.Api)'
[2022-10-28 17:13:38.396 -04:00  INF]  Route matched with {action = "LireTousLesNiveaus", controller = "Niveau"}. Executing controller action with signature System.Threading.Tasks.Task`1[Microsoft.AspNetCore.Mvc.ActionResult`1[System.Collections.Generic.List`1[Gesc.Api.Dtos.Config.Niveaux.NiveauDto]]] LireTousLesNiveaus() on controller Gesc.Api.Controllers.NiveauController (Gesc.Api).
[2022-10-28 17:13:38.523 -04:00  INF]  Entity Framework Core 6.0.10 initialized 'SchoolConfigDbContext' using provider 'Microsoft.EntityFrameworkCore.Sqlite:6.0.10' with options: None
[2022-10-28 17:13:38.549 -04:00  ERR]  Failed executing DbCommand (4ms) [Parameters=[], CommandType='"Text"', CommandTimeout='30']
SELECT "n"."Id", "n"."Complete", "n"."DateCreation", "n"."DateDerniereModification", "n"."Designation", "n"."FiliereCycleId", "n"."ValeurCycle"
FROM "Niveaux" AS "n"
[2022-10-28 17:13:38.654 -04:00  ERR]  An exception occurred while iterating over the results of a query for context type 'Gesc.Api.Datas.SchoolConfigDbContext'.
Microsoft.Data.Sqlite.SqliteException (0x80004005): SQLite Error 1: 'no such column: n.Complete'.
   at Microsoft.Data.Sqlite.SqliteException.ThrowExceptionForRC(Int32 rc, sqlite3 db)
   at Microsoft.Data.Sqlite.SqliteCommand.PrepareAndEnumerateStatements(Stopwatch timer)+MoveNext()
   at Microsoft.Data.Sqlite.SqliteCommand.GetStatements(Stopwatch timer)+MoveNext()
   at Microsoft.Data.Sqlite.SqliteDataReader.NextResult()
   at Microsoft.Data.Sqlite.SqliteCommand.ExecuteReader(CommandBehavior behavior)
   at Microsoft.Data.Sqlite.SqliteCommand.ExecuteReaderAsync(CommandBehavior behavior, CancellationToken cancellationToken)
   at Microsoft.Data.Sqlite.SqliteCommand.ExecuteDbDataReaderAsync(CommandBehavior behavior, CancellationToken cancellationToken)
   at Microsoft.EntityFrameworkCore.Storage.RelationalCommand.ExecuteReaderAsync(RelationalCommandParameterObject parameterObject, CancellationToken cancellationToken)
   at Microsoft.EntityFrameworkCore.Storage.RelationalCommand.ExecuteReaderAsync(RelationalCommandParameterObject parameterObject, CancellationToken cancellationToken)
   at Microsoft.EntityFrameworkCore.Query.Internal.SingleQueryingEnumerable`1.AsyncEnumerator.InitializeReaderAsync(AsyncEnumerator enumerator, CancellationToken cancellationToken)
   at Microsoft.EntityFrameworkCore.Query.Internal.SingleQueryingEnumerable`1.AsyncEnumerator.MoveNextAsync()
Microsoft.Data.Sqlite.SqliteException (0x80004005): SQLite Error 1: 'no such column: n.Complete'.
   at Microsoft.Data.Sqlite.SqliteException.ThrowExceptionForRC(Int32 rc, sqlite3 db)
   at Microsoft.Data.Sqlite.SqliteCommand.PrepareAndEnumerateStatements(Stopwatch timer)+MoveNext()
   at Microsoft.Data.Sqlite.SqliteCommand.GetStatements(Stopwatch timer)+MoveNext()
   at Microsoft.Data.Sqlite.SqliteDataReader.NextResult()
   at Microsoft.Data.Sqlite.SqliteCommand.ExecuteReader(CommandBehavior behavior)
   at Microsoft.Data.Sqlite.SqliteCommand.ExecuteReaderAsync(CommandBehavior behavior, CancellationToken cancellationToken)
   at Microsoft.Data.Sqlite.SqliteCommand.ExecuteDbDataReaderAsync(CommandBehavior behavior, CancellationToken cancellationToken)
   at Microsoft.EntityFrameworkCore.Storage.RelationalCommand.ExecuteReaderAsync(RelationalCommandParameterObject parameterObject, CancellationToken cancellationToken)
   at Microsoft.EntityFrameworkCore.Storage.RelationalCommand.ExecuteReaderAsync(RelationalCommandParameterObject parameterObject, CancellationToken cancellationToken)
   at Microsoft.EntityFrameworkCore.Query.Internal.SingleQueryingEnumerable`1.AsyncEnumerator.InitializeReaderAsync(AsyncEnumerator enumerator, CancellationToken cancellationToken)
   at Microsoft.EntityFrameworkCore.Query.Internal.SingleQueryingEnumerable`1.AsyncEnumerator.MoveNextAsync()
[2022-10-28 17:13:39.422 -04:00  INF]  Executed action Gesc.Api.Controllers.NiveauController.LireTousLesNiveaus (Gesc.Api) in 1020.7672ms
[2022-10-28 17:13:39.428 -04:00  INF]  Executed endpoint 'Gesc.Api.Controllers.NiveauController.LireTousLesNiveaus (Gesc.Api)'
[2022-10-28 17:13:39.440 -04:00  ERR]  An unhandled exception has occurred while executing the request.
Microsoft.Data.Sqlite.SqliteException (0x80004005): SQLite Error 1: 'no such column: n.Complete'.
   at Microsoft.Data.Sqlite.SqliteException.ThrowExceptionForRC(Int32 rc, sqlite3 db)
   at Microsoft.Data.Sqlite.SqliteCommand.PrepareAndEnumerateStatements(Stopwatch timer)+MoveNext()
   at Microsoft.Data.Sqlite.SqliteCommand.GetStatements(Stopwatch timer)+MoveNext()
   at Microsoft.Data.Sqlite.SqliteDataReader.NextResult()
   at Microsoft.Data.Sqlite.SqliteCommand.ExecuteReader(CommandBehavior behavior)
   at Microsoft.Data.Sqlite.SqliteCommand.ExecuteReaderAsync(CommandBehavior behavior, CancellationToken cancellationToken)
   at Microsoft.Data.Sqlite.SqliteCommand.ExecuteDbDataReaderAsync(CommandBehavior behavior, CancellationToken cancellationToken)
   at Microsoft.EntityFrameworkCore.Storage.RelationalCommand.ExecuteReaderAsync(RelationalCommandParameterObject parameterObject, CancellationToken cancellationToken)
   at Microsoft.EntityFrameworkCore.Storage.RelationalCommand.ExecuteReaderAsync(RelationalCommandParameterObject parameterObject, CancellationToken cancellationToken)
   at Microsoft.EntityFrameworkCore.Query.Internal.SingleQueryingEnumerable`1.AsyncEnumerator.InitializeReaderAsync(AsyncEnumerator enumerator, CancellationToken cancellationToken)
   at Microsoft.EntityFrameworkCore.Query.Internal.SingleQueryingEnumerable`1.AsyncEnumerator.MoveNextAsync()
   at Microsoft.EntityFrameworkCore.EntityFrameworkQueryableExtensions.ToListAsync[TSource](IQueryable`1 source, CancellationToken cancellationToken)
   at Microsoft.EntityFrameworkCore.EntityFrameworkQueryableExtensions.ToListAsync[TSource](IQueryable`1 source, CancellationToken cancellationToken)
   at MsCommun.Repertoires.RepertoireGenerique`1.Lire() in C:\Users\tsill\Documents\GitHub\Schoolap\Backend1.0\MsCommun\MsCommun\Repertoires\RepertoireGenerique.cs:line 24
   at Gesc.Api.Features.CommandHandlers.Niveaux.LireTousLesNiveauxCmdHdler.Handle(LireTousLesNiveauxCmd request, CancellationToken cancellationToken) in C:\Users\tsill\Documents\GitHub\Schoolap\Backend1.0\GCE\Gesc.Api\Features\Handlers\Niveaux\LireTousLesNiveauxCmdHdler.cs:line 24
   at MediatR.Pipeline.RequestExceptionProcessorBehavior`2.Handle(TRequest request, RequestHandlerDelegate`1 next, CancellationToken cancellationToken)
   at MediatR.Pipeline.RequestExceptionProcessorBehavior`2.Handle(TRequest request, RequestHandlerDelegate`1 next, CancellationToken cancellationToken)
   at MediatR.Pipeline.RequestExceptionActionProcessorBehavior`2.Handle(TRequest request, RequestHandlerDelegate`1 next, CancellationToken cancellationToken)
   at MediatR.Pipeline.RequestExceptionActionProcessorBehavior`2.Handle(TRequest request, RequestHandlerDelegate`1 next, CancellationToken cancellationToken)
   at MediatR.Pipeline.RequestPostProcessorBehavior`2.Handle(TRequest request, RequestHandlerDelegate`1 next, CancellationToken cancellationToken)
   at MediatR.Pipeline.RequestPreProcessorBehavior`2.Handle(TRequest request, RequestHandlerDelegate`1 next, CancellationToken cancellationToken)
   at Gesc.Api.Services.ServiceDeNiveau.LireTousLesNiveaus() in C:\Users\tsill\Documents\GitHub\Schoolap\Backend1.0\GCE\Gesc.Api\Services\ServiceDeNiveau.cs:line 33
   at Gesc.Api.Controllers.NiveauController.LireTousLesNiveaus() in C:\Users\tsill\Documents\GitHub\Schoolap\Backend1.0\GCE\Gesc.Api\Controllers\NiveauController.cs:line 35
   at lambda_method67(Closure , Object )
   at Microsoft.AspNetCore.Mvc.Infrastructure.ActionMethodExecutor.AwaitableObjectResultExecutor.Execute(IActionResultTypeMapper mapper, ObjectMethodExecutor executor, Object controller, Object[] arguments)
   at Microsoft.AspNetCore.Mvc.Infrastructure.ControllerActionInvoker.<InvokeActionMethodAsync>g__Awaited|12_0(ControllerActionInvoker invoker, ValueTask`1 actionResultValueTask)
   at Microsoft.AspNetCore.Mvc.Infrastructure.ControllerActionInvoker.<InvokeNextActionFilterAsync>g__Awaited|10_0(ControllerActionInvoker invoker, Task lastTask, State next, Scope scope, Object state, Boolean isCompleted)
   at Microsoft.AspNetCore.Mvc.Infrastructure.ControllerActionInvoker.Rethrow(ActionExecutedContextSealed context)
   at Microsoft.AspNetCore.Mvc.Infrastructure.ControllerActionInvoker.Next(State& next, Scope& scope, Object& state, Boolean& isCompleted)
   at Microsoft.AspNetCore.Mvc.Infrastructure.ControllerActionInvoker.InvokeInnerFilterAsync()
--- End of stack trace from previous location ---
   at Microsoft.AspNetCore.Mvc.Infrastructure.ResourceInvoker.<InvokeFilterPipelineAsync>g__Awaited|20_0(ResourceInvoker invoker, Task lastTask, State next, Scope scope, Object state, Boolean isCompleted)
   at Microsoft.AspNetCore.Mvc.Infrastructure.ResourceInvoker.<InvokeAsync>g__Logged|17_1(ResourceInvoker invoker)
   at Microsoft.AspNetCore.Mvc.Infrastructure.ResourceInvoker.<InvokeAsync>g__Logged|17_1(ResourceInvoker invoker)
   at Microsoft.AspNetCore.Routing.EndpointMiddleware.<Invoke>g__AwaitRequestTask|6_0(Endpoint endpoint, Task requestTask, ILogger logger)
   at Microsoft.AspNetCore.Authorization.AuthorizationMiddleware.Invoke(HttpContext context)
   at Swashbuckle.AspNetCore.SwaggerUI.SwaggerUIMiddleware.Invoke(HttpContext httpContext)
   at Swashbuckle.AspNetCore.Swagger.SwaggerMiddleware.Invoke(HttpContext httpContext, ISwaggerProvider swaggerProvider)
   at Microsoft.AspNetCore.Diagnostics.DeveloperExceptionPageMiddleware.Invoke(HttpContext context)
[2022-10-28 17:13:39.591 -04:00  INF]  Request finished HTTP/1.1 GET https://localhost:7020/api/Niveau - - - 500 - text/plain;+charset=utf-8 1208.4022ms
[2022-10-28 17:14:42.185 -04:00  INF]  Entity Framework Core 6.0.10 initialized 'SchoolConfigDbContext' using provider 'Microsoft.EntityFrameworkCore.Sqlite:6.0.10' with options: None
[2022-10-28 17:14:58.983 -04:00  INF]  Entity Framework Core 6.0.10 initialized 'SchoolConfigDbContext' using provider 'Microsoft.EntityFrameworkCore.Sqlite:6.0.10' with options: None
[2022-10-28 17:14:59.233 -04:00  INF]  Executed DbCommand (48ms) [Parameters=[], CommandType='"Text"', CommandTimeout='30']
SELECT COUNT(*) FROM "sqlite_master" WHERE "name" = '__EFMigrationsHistory' AND "type" = 'table';
[2022-10-28 17:14:59.252 -04:00  INF]  Executed DbCommand (0ms) [Parameters=[], CommandType='"Text"', CommandTimeout='30']
SELECT COUNT(*) FROM "sqlite_master" WHERE "name" = '__EFMigrationsHistory' AND "type" = 'table';
[2022-10-28 17:14:59.297 -04:00  INF]  Executed DbCommand (1ms) [Parameters=[], CommandType='"Text"', CommandTimeout='30']
SELECT "MigrationId", "ProductVersion"
FROM "__EFMigrationsHistory"
ORDER BY "MigrationId";
[2022-10-28 17:14:59.321 -04:00  INF]  Applying migration '20221028211442_update-table-niveau'.
[2022-10-28 17:14:59.394 -04:00  INF]  Executed DbCommand (2ms) [Parameters=[], CommandType='"Text"', CommandTimeout='30']
ALTER TABLE "Niveaux" ADD "Complete" INTEGER NOT NULL DEFAULT 0;
[2022-10-28 17:14:59.395 -04:00  INF]  Executed DbCommand (0ms) [Parameters=[], CommandType='"Text"', CommandTimeout='30']
INSERT INTO "__EFMigrationsHistory" ("MigrationId", "ProductVersion")
VALUES ('20221028211442_update-table-niveau', '6.0.10');
[2022-10-28 17:15:14.870 -04:00  INF]  Now listening on: https://localhost:7020
[2022-10-28 17:15:15.004 -04:00  INF]  Now listening on: http://localhost:5020
[2022-10-28 17:15:15.016 -04:00  INF]  Application started. Press Ctrl+C to shut down.
[2022-10-28 17:15:15.024 -04:00  INF]  Hosting environment: Development
[2022-10-28 17:15:15.026 -04:00  INF]  Content root path: C:\Users\tsill\Documents\GitHub\Schoolap\Backend1.0\GCE\Gesc.Api\
[2022-10-28 17:15:17.362 -04:00  INF]  Request starting HTTP/2 GET https://localhost:7020/swagger/index.html - -
[2022-10-28 17:15:18.403 -04:00  INF]  Request finished HTTP/2 GET https://localhost:7020/swagger/index.html - - - 200 - text/html;charset=utf-8 1049.5655ms
[2022-10-28 17:15:18.512 -04:00  INF]  Request starting HTTP/2 GET https://localhost:7020/_framework/aspnetcore-browser-refresh.js - -
[2022-10-28 17:15:18.579 -04:00  INF]  Request finished HTTP/2 GET https://localhost:7020/_framework/aspnetcore-browser-refresh.js - - - 200 11984 application/javascript;+charset=utf-8 67.1557ms
[2022-10-28 17:15:18.611 -04:00  INF]  Request starting HTTP/2 GET https://localhost:7020/_vs/browserLink - -
[2022-10-28 17:15:19.211 -04:00  INF]  Request finished HTTP/2 GET https://localhost:7020/_vs/browserLink - - - 200 - text/javascript;+charset=UTF-8 599.8792ms
[2022-10-28 17:15:19.384 -04:00  INF]  Request starting HTTP/2 GET https://localhost:7020/swagger/v1/swagger.json - -
[2022-10-28 17:15:20.125 -04:00  INF]  Request finished HTTP/2 GET https://localhost:7020/swagger/v1/swagger.json - - - 200 - application/json;charset=utf-8 739.9885ms
[2022-10-28 17:15:41.548 -04:00  INF]  Request starting HTTP/1.1 GET https://localhost:7020/api/Niveau - -
[2022-10-28 17:15:41.584 -04:00  INF]  Executing endpoint 'Gesc.Api.Controllers.NiveauController.LireTousLesNiveaus (Gesc.Api)'
[2022-10-28 17:15:41.646 -04:00  INF]  Route matched with {action = "LireTousLesNiveaus", controller = "Niveau"}. Executing controller action with signature System.Threading.Tasks.Task`1[Microsoft.AspNetCore.Mvc.ActionResult`1[System.Collections.Generic.List`1[Gesc.Api.Dtos.Config.Niveaux.NiveauDto]]] LireTousLesNiveaus() on controller Gesc.Api.Controllers.NiveauController (Gesc.Api).
[2022-10-28 17:15:44.481 -04:00  INF]  Entity Framework Core 6.0.10 initialized 'SchoolConfigDbContext' using provider 'Microsoft.EntityFrameworkCore.Sqlite:6.0.10' with options: None
[2022-10-28 17:15:45.542 -04:00  INF]  Executed DbCommand (33ms) [Parameters=[], CommandType='"Text"', CommandTimeout='30']
SELECT "n"."Id", "n"."Complete", "n"."DateCreation", "n"."DateDerniereModification", "n"."Designation", "n"."FiliereCycleId", "n"."ValeurCycle"
FROM "Niveaux" AS "n"
[2022-10-28 17:15:45.901 -04:00  INF]  Executing OkObjectResult, writing value of type 'System.Collections.Generic.List`1[[Gesc.Api.Dtos.Config.Niveaux.NiveauDto, Gesc.Api, Version=1.0.0.0, Culture=neutral, PublicKeyToken=null]]'.
[2022-10-28 17:15:46.018 -04:00  INF]  Executed action Gesc.Api.Controllers.NiveauController.LireTousLesNiveaus (Gesc.Api) in 4328.8524ms
[2022-10-28 17:15:46.032 -04:00  INF]  Executed endpoint 'Gesc.Api.Controllers.NiveauController.LireTousLesNiveaus (Gesc.Api)'
[2022-10-28 17:15:46.053 -04:00  INF]  Request finished HTTP/1.1 GET https://localhost:7020/api/Niveau - - - 200 - application/json;+charset=utf-8 4503.7770ms
[2022-10-28 17:16:54.232 -04:00  INF]  Request starting HTTP/1.1 GET https://localhost:7020/api/FiliereCycle - -
[2022-10-28 17:16:54.238 -04:00  INF]  Executing endpoint 'Gesc.Api.Controllers.FiliereCycleController.LireTousLesFiliereCycles (Gesc.Api)'
[2022-10-28 17:16:54.245 -04:00  INF]  Route matched with {action = "LireTousLesFiliereCycles", controller = "FiliereCycle"}. Executing controller action with signature System.Threading.Tasks.Task`1[Microsoft.AspNetCore.Mvc.ActionResult`1[System.Collections.Generic.List`1[Gesc.Api.Dtos.Config.FiliereCycles.FiliereCycleDto]]] LireTousLesFiliereCycles() on controller Gesc.Api.Controllers.FiliereCycleController (Gesc.Api).
[2022-10-28 17:16:54.320 -04:00  INF]  Entity Framework Core 6.0.10 initialized 'SchoolConfigDbContext' using provider 'Microsoft.EntityFrameworkCore.Sqlite:6.0.10' with options: None
[2022-10-28 17:16:54.332 -04:00  INF]  Executed DbCommand (0ms) [Parameters=[], CommandType='"Text"', CommandTimeout='30']
SELECT "f"."Id", "f"."CycleId", "f"."DateCreation", "f"."DateDerniereModification", "f"."FiliereId"
FROM "FiliereCycles" AS "f"
[2022-10-28 17:16:54.353 -04:00  INF]  Executing OkObjectResult, writing value of type 'System.Collections.Generic.List`1[[Gesc.Api.Dtos.Config.FiliereCycles.FiliereCycleDto, Gesc.Api, Version=1.0.0.0, Culture=neutral, PublicKeyToken=null]]'.
[2022-10-28 17:16:54.357 -04:00  INF]  Executed action Gesc.Api.Controllers.FiliereCycleController.LireTousLesFiliereCycles (Gesc.Api) in 107.9749ms
[2022-10-28 17:16:54.360 -04:00  INF]  Executed endpoint 'Gesc.Api.Controllers.FiliereCycleController.LireTousLesFiliereCycles (Gesc.Api)'
[2022-10-28 17:16:54.363 -04:00  INF]  Request finished HTTP/1.1 GET https://localhost:7020/api/FiliereCycle - - - 200 - application/json;+charset=utf-8 130.9751ms
[2022-10-28 17:17:36.238 -04:00  INF]  Request starting HTTP/1.1 POST https://localhost:7020/api/Niveau application/json 109
[2022-10-28 17:17:36.241 -04:00  INF]  Executing endpoint 'Gesc.Api.Controllers.NiveauController.AjouterUnNiveau (Gesc.Api)'
[2022-10-28 17:17:36.261 -04:00  INF]  Route matched with {action = "AjouterUnNiveau", controller = "Niveau"}. Executing controller action with signature System.Threading.Tasks.Task`1[Microsoft.AspNetCore.Mvc.ActionResult`1[MsCommun.Reponses.ReponseDeRequette]] AjouterUnNiveau(Gesc.Api.Dtos.Config.Niveaux.NiveauACreerDto) on controller Gesc.Api.Controllers.NiveauController (Gesc.Api).
[2022-10-28 17:18:23.340 -04:00  INF]  Entity Framework Core 6.0.10 initialized 'SchoolConfigDbContext' using provider 'Microsoft.EntityFrameworkCore.Sqlite:6.0.10' with options: None
[2022-10-28 17:18:23.653 -04:00  INF]  Executed DbCommand (9ms) [Parameters=[@__id_0='?' (DbType = Guid)], CommandType='"Text"', CommandTimeout='30']
SELECT "f"."Id", "f"."CycleId", "f"."DateCreation", "f"."DateDerniereModification", "f"."FiliereId"
FROM "FiliereCycles" AS "f"
WHERE "f"."Id" = @__id_0
LIMIT 2
[2022-10-28 17:18:30.562 -04:00  INF]  Executed DbCommand (3ms) [Parameters=[@p1='?' (DbType = Guid), @p0='?' (DbType = DateTime)], CommandType='"Text"', CommandTimeout='30']
UPDATE "FiliereCycles" SET "DateDerniereModification" = @p0
WHERE "Id" = @p1;
SELECT changes();
[2022-10-28 17:18:30.580 -04:00  INF]  Executed DbCommand (2ms) [Parameters=[@p0='?' (DbType = Guid), @p1='?' (DbType = Boolean), @p2='?' (DbType = DateTime), @p3='?' (DbType = DateTime), @p4='?' (Size = 6), @p5='?' (DbType = Guid), @p6='?' (DbType = Int32)], CommandType='"Text"', CommandTimeout='30']
INSERT INTO "Niveaux" ("Id", "Complete", "DateCreation", "DateDerniereModification", "Designation", "FiliereCycleId", "ValeurCycle")
VALUES (@p0, @p1, @p2, @p3, @p4, @p5, @p6);
[2022-10-28 17:18:35.090 -04:00  INF]  Executed DbCommand (0ms) [Parameters=[@p1='?' (DbType = Guid), @p0='?' (DbType = DateTime)], CommandType='"Text"', CommandTimeout='30']
UPDATE "FiliereCycles" SET "DateDerniereModification" = @p0
WHERE "Id" = @p1;
SELECT changes();
[2022-10-28 17:18:35.097 -04:00  INF]  Executed DbCommand (0ms) [Parameters=[@p1='?' (DbType = Guid), @p0='?' (DbType = DateTime)], CommandType='"Text"', CommandTimeout='30']
UPDATE "Niveaux" SET "DateDerniereModification" = @p0
WHERE "Id" = @p1;
SELECT changes();
[2022-10-28 17:19:09.822 -04:00  INF]  Executed action Gesc.Api.Controllers.NiveauController.AjouterUnNiveau (Gesc.Api) in 93540.4462ms
[2022-10-28 17:19:09.831 -04:00  INF]  Executed endpoint 'Gesc.Api.Controllers.NiveauController.AjouterUnNiveau (Gesc.Api)'
[2022-10-28 17:19:09.847 -04:00  ERR]  An unhandled exception has occurred while executing the request.
AutoMapper.AutoMapperMappingException: Missing type map configuration or unsupported mapping.

Mapping types:
NiveauACreerDto -> NiveauPourGdcACreerDto
Gesc.Api.Dtos.Config.Niveaux.NiveauACreerDto -> Gesc.Api.Dtos.Config.Niveaux.NiveauPourGdcACreerDto
   at lambda_method163(Closure , Object , NiveauPourGdcACreerDto , ResolutionContext )
   at Gesc.Api.Proxies.GdcProxys.GdcProxy.AjouterUnNouveauNiveau(NiveauACreerDto niveauAAjouterDto, Guid id) in C:\Users\tsill\Documents\GitHub\Schoolap\Backend1.0\GCE\Gesc.Api\Proxies\GdcProxys\GdcProxy.cs:line 25
   at Gesc.Api.Features.CommandHandlers.Niveaux.AjouterUneNiveauAUnePersonneCmdHdler.Handle(AjouterUnNiveauCmd request, CancellationToken cancellationToken) in C:\Users\tsill\Documents\GitHub\Schoolap\Backend1.0\GCE\Gesc.Api\Features\Handlers\Niveaux\AjouterUnNiveauCmdHdler.cs:line 56
   at MediatR.Pipeline.RequestExceptionProcessorBehavior`2.Handle(TRequest request, RequestHandlerDelegate`1 next, CancellationToken cancellationToken)
   at MediatR.Pipeline.RequestExceptionProcessorBehavior`2.Handle(TRequest request, RequestHandlerDelegate`1 next, CancellationToken cancellationToken)
   at MediatR.Pipeline.RequestExceptionActionProcessorBehavior`2.Handle(TRequest request, RequestHandlerDelegate`1 next, CancellationToken cancellationToken)
   at MediatR.Pipeline.RequestExceptionActionProcessorBehavior`2.Handle(TRequest request, RequestHandlerDelegate`1 next, CancellationToken cancellationToken)
   at MediatR.Pipeline.RequestPostProcessorBehavior`2.Handle(TRequest request, RequestHandlerDelegate`1 next, CancellationToken cancellationToken)
   at MediatR.Pipeline.RequestPreProcessorBehavior`2.Handle(TRequest request, RequestHandlerDelegate`1 next, CancellationToken cancellationToken)
   at Gesc.Api.Services.ServiceDeNiveau.AjouterUnNiveau(NiveauACreerDto niveauAAjouter) in C:\Users\tsill\Documents\GitHub\Schoolap\Backend1.0\GCE\Gesc.Api\Services\ServiceDeNiveau.cs:line 21
   at Gesc.Api.Controllers.NiveauController.AjouterUnNiveau(NiveauACreerDto niveauAAjouterDto) in C:\Users\tsill\Documents\GitHub\Schoolap\Backend1.0\GCE\Gesc.Api\Controllers\NiveauController.cs:line 25
   at lambda_method107(Closure , Object )
   at Microsoft.AspNetCore.Mvc.Infrastructure.ActionMethodExecutor.AwaitableObjectResultExecutor.Execute(IActionResultTypeMapper mapper, ObjectMethodExecutor executor, Object controller, Object[] arguments)
   at Microsoft.AspNetCore.Mvc.Infrastructure.ControllerActionInvoker.<InvokeActionMethodAsync>g__Awaited|12_0(ControllerActionInvoker invoker, ValueTask`1 actionResultValueTask)
   at Microsoft.AspNetCore.Mvc.Infrastructure.ControllerActionInvoker.<InvokeNextActionFilterAsync>g__Awaited|10_0(ControllerActionInvoker invoker, Task lastTask, State next, Scope scope, Object state, Boolean isCompleted)
   at Microsoft.AspNetCore.Mvc.Infrastructure.ControllerActionInvoker.Rethrow(ActionExecutedContextSealed context)
   at Microsoft.AspNetCore.Mvc.Infrastructure.ControllerActionInvoker.Next(State& next, Scope& scope, Object& state, Boolean& isCompleted)
   at Microsoft.AspNetCore.Mvc.Infrastructure.ControllerActionInvoker.InvokeInnerFilterAsync()
--- End of stack trace from previous location ---
   at Microsoft.AspNetCore.Mvc.Infrastructure.ResourceInvoker.<InvokeFilterPipelineAsync>g__Awaited|20_0(ResourceInvoker invoker, Task lastTask, State next, Scope scope, Object state, Boolean isCompleted)
   at Microsoft.AspNetCore.Mvc.Infrastructure.ResourceInvoker.<InvokeAsync>g__Logged|17_1(ResourceInvoker invoker)
   at Microsoft.AspNetCore.Mvc.Infrastructure.ResourceInvoker.<InvokeAsync>g__Logged|17_1(ResourceInvoker invoker)
   at Microsoft.AspNetCore.Routing.EndpointMiddleware.<Invoke>g__AwaitRequestTask|6_0(Endpoint endpoint, Task requestTask, ILogger logger)
   at Microsoft.AspNetCore.Authorization.AuthorizationMiddleware.Invoke(HttpContext context)
   at Swashbuckle.AspNetCore.SwaggerUI.SwaggerUIMiddleware.Invoke(HttpContext httpContext)
   at Swashbuckle.AspNetCore.Swagger.SwaggerMiddleware.Invoke(HttpContext httpContext, ISwaggerProvider swaggerProvider)
   at Microsoft.AspNetCore.Diagnostics.DeveloperExceptionPageMiddleware.Invoke(HttpContext context)
[2022-10-28 17:19:12.883 -04:00  INF]  Request finished HTTP/1.1 POST https://localhost:7020/api/Niveau application/json 109 - 500 - text/plain;+charset=utf-8 96627.7630ms
[2022-10-28 17:22:56.069 -04:00  INF]  Now listening on: https://localhost:7020
[2022-10-28 17:22:56.655 -04:00  INF]  Now listening on: http://localhost:5020
[2022-10-28 17:22:56.893 -04:00  INF]  Application started. Press Ctrl+C to shut down.
[2022-10-28 17:22:56.895 -04:00  INF]  Hosting environment: Development
[2022-10-28 17:22:56.900 -04:00  INF]  Content root path: C:\Users\tsill\Documents\GitHub\Schoolap\Backend1.0\GCE\Gesc.Api\
[2022-10-28 17:22:58.092 -04:00  INF]  Request starting HTTP/2 GET https://localhost:7020/swagger/index.html - -
[2022-10-28 17:22:59.031 -04:00  INF]  Request starting HTTP/2 GET https://localhost:7020/_framework/aspnetcore-browser-refresh.js - -
[2022-10-28 17:22:59.058 -04:00  INF]  Request finished HTTP/2 GET https://localhost:7020/swagger/index.html - - - 200 - text/html;charset=utf-8 977.2194ms
[2022-10-28 17:22:59.118 -04:00  INF]  Request finished HTTP/2 GET https://localhost:7020/_framework/aspnetcore-browser-refresh.js - - - 200 11984 application/javascript;+charset=utf-8 86.8576ms
[2022-10-28 17:22:59.210 -04:00  INF]  Request starting HTTP/2 GET https://localhost:7020/_vs/browserLink - -
[2022-10-28 17:22:59.401 -04:00  INF]  Request finished HTTP/2 GET https://localhost:7020/_vs/browserLink - - - 200 - text/javascript;+charset=UTF-8 190.1196ms
[2022-10-28 17:22:59.500 -04:00  INF]  Request starting HTTP/2 GET https://localhost:7020/swagger/v1/swagger.json - -
[2022-10-28 17:23:00.001 -04:00  INF]  Request finished HTTP/2 GET https://localhost:7020/swagger/v1/swagger.json - - - 200 - application/json;charset=utf-8 500.4528ms
[2022-10-28 17:23:12.273 -04:00  INF]  Request starting HTTP/1.1 POST https://localhost:7020/api/Niveau application/json 109
[2022-10-28 17:23:12.302 -04:00  INF]  Executing endpoint 'Gesc.Api.Controllers.NiveauController.AjouterUnNiveau (Gesc.Api)'
[2022-10-28 17:23:12.405 -04:00  INF]  Route matched with {action = "AjouterUnNiveau", controller = "Niveau"}. Executing controller action with signature System.Threading.Tasks.Task`1[Microsoft.AspNetCore.Mvc.ActionResult`1[MsCommun.Reponses.ReponseDeRequette]] AjouterUnNiveau(Gesc.Api.Dtos.Config.Niveaux.NiveauACreerDto) on controller Gesc.Api.Controllers.NiveauController (Gesc.Api).
[2022-10-28 17:23:30.116 -04:00  INF]  Entity Framework Core 6.0.10 initialized 'SchoolConfigDbContext' using provider 'Microsoft.EntityFrameworkCore.Sqlite:6.0.10' with options: None
[2022-10-28 17:23:31.208 -04:00  INF]  Executed DbCommand (46ms) [Parameters=[@__id_0='?' (DbType = Guid)], CommandType='"Text"', CommandTimeout='30']
SELECT "f"."Id", "f"."CycleId", "f"."DateCreation", "f"."DateDerniereModification", "f"."FiliereId"
FROM "FiliereCycles" AS "f"
WHERE "f"."Id" = @__id_0
LIMIT 2
[2022-10-28 17:23:40.386 -04:00  INF]  Executed DbCommand (1ms) [Parameters=[@p1='?' (DbType = Guid), @p0='?' (DbType = DateTime)], CommandType='"Text"', CommandTimeout='30']
UPDATE "FiliereCycles" SET "DateDerniereModification" = @p0
WHERE "Id" = @p1;
SELECT changes();
[2022-10-28 17:23:40.405 -04:00  INF]  Executed DbCommand (1ms) [Parameters=[@p0='?' (DbType = Guid), @p1='?' (DbType = Boolean), @p2='?' (DbType = DateTime), @p3='?' (DbType = DateTime), @p4='?' (Size = 6), @p5='?' (DbType = Guid), @p6='?' (DbType = Int32)], CommandType='"Text"', CommandTimeout='30']
INSERT INTO "Niveaux" ("Id", "Complete", "DateCreation", "DateDerniereModification", "Designation", "FiliereCycleId", "ValeurCycle")
VALUES (@p0, @p1, @p2, @p3, @p4, @p5, @p6);
[2022-10-28 17:23:41.050 -04:00  INF]  Executed DbCommand (0ms) [Parameters=[@p1='?' (DbType = Guid), @p0='?' (DbType = DateTime)], CommandType='"Text"', CommandTimeout='30']
UPDATE "FiliereCycles" SET "DateDerniereModification" = @p0
WHERE "Id" = @p1;
SELECT changes();
[2022-10-28 17:23:41.058 -04:00  INF]  Executed DbCommand (0ms) [Parameters=[@p1='?' (DbType = Guid), @p0='?' (DbType = DateTime)], CommandType='"Text"', CommandTimeout='30']
UPDATE "Niveaux" SET "DateDerniereModification" = @p0
WHERE "Id" = @p1;
SELECT changes();
[2022-10-28 17:26:50.394 -04:00  INF]  Now listening on: https://localhost:7020
[2022-10-28 17:26:51.055 -04:00  INF]  Now listening on: http://localhost:5020
[2022-10-28 17:26:52.081 -04:00  INF]  Application started. Press Ctrl+C to shut down.
[2022-10-28 17:26:52.084 -04:00  INF]  Hosting environment: Development
[2022-10-28 17:26:52.088 -04:00  INF]  Content root path: C:\Users\tsill\Documents\GitHub\Schoolap\Backend1.0\GCE\Gesc.Api\
[2022-10-28 17:26:52.271 -04:00  INF]  Request starting HTTP/2 GET https://localhost:7020/swagger/index.html - -
[2022-10-28 17:26:53.188 -04:00  INF]  Request starting HTTP/2 GET https://localhost:7020/_framework/aspnetcore-browser-refresh.js - -
[2022-10-28 17:26:53.197 -04:00  INF]  Request finished HTTP/2 GET https://localhost:7020/swagger/index.html - - - 200 - text/html;charset=utf-8 888.3136ms
[2022-10-28 17:26:53.272 -04:00  INF]  Request finished HTTP/2 GET https://localhost:7020/_framework/aspnetcore-browser-refresh.js - - - 200 11984 application/javascript;+charset=utf-8 83.7243ms
[2022-10-28 17:26:53.296 -04:00  INF]  Request starting HTTP/2 GET https://localhost:7020/_vs/browserLink - -
[2022-10-28 17:26:53.391 -04:00  INF]  Request finished HTTP/2 GET https://localhost:7020/_vs/browserLink - - - 200 - text/javascript;+charset=UTF-8 94.1812ms
[2022-10-28 17:26:53.781 -04:00  INF]  Request starting HTTP/2 GET https://localhost:7020/swagger/v1/swagger.json - -
[2022-10-28 17:26:54.162 -04:00  INF]  Request finished HTTP/2 GET https://localhost:7020/swagger/v1/swagger.json - - - 200 - application/json;charset=utf-8 380.5520ms
[2022-10-28 17:27:05.031 -04:00  INF]  Request starting HTTP/1.1 POST https://localhost:7020/api/Niveau application/json 109
[2022-10-28 17:27:05.045 -04:00  INF]  Executing endpoint 'Gesc.Api.Controllers.NiveauController.AjouterUnNiveau (Gesc.Api)'
[2022-10-28 17:27:05.166 -04:00  INF]  Route matched with {action = "AjouterUnNiveau", controller = "Niveau"}. Executing controller action with signature System.Threading.Tasks.Task`1[Microsoft.AspNetCore.Mvc.ActionResult`1[MsCommun.Reponses.ReponseDeRequette]] AjouterUnNiveau(Gesc.Api.Dtos.Config.Niveaux.NiveauACreerDto) on controller Gesc.Api.Controllers.NiveauController (Gesc.Api).
[2022-10-28 17:27:22.836 -04:00  INF]  Entity Framework Core 6.0.10 initialized 'SchoolConfigDbContext' using provider 'Microsoft.EntityFrameworkCore.Sqlite:6.0.10' with options: None
[2022-10-28 17:27:23.974 -04:00  INF]  Executed DbCommand (56ms) [Parameters=[@__id_0='?' (DbType = Guid)], CommandType='"Text"', CommandTimeout='30']
SELECT "f"."Id", "f"."CycleId", "f"."DateCreation", "f"."DateDerniereModification", "f"."FiliereId"
FROM "FiliereCycles" AS "f"
WHERE "f"."Id" = @__id_0
LIMIT 2
[2022-10-28 17:27:24.657 -04:00  INF]  Executed DbCommand (2ms) [Parameters=[@p1='?' (DbType = Guid), @p0='?' (DbType = DateTime)], CommandType='"Text"', CommandTimeout='30']
UPDATE "FiliereCycles" SET "DateDerniereModification" = @p0
WHERE "Id" = @p1;
SELECT changes();
[2022-10-28 17:27:24.701 -04:00  INF]  Executed DbCommand (1ms) [Parameters=[@p0='?' (DbType = Guid), @p1='?' (DbType = Boolean), @p2='?' (DbType = DateTime), @p3='?' (DbType = DateTime), @p4='?' (Size = 6), @p5='?' (DbType = Guid), @p6='?' (DbType = Int32)], CommandType='"Text"', CommandTimeout='30']
INSERT INTO "Niveaux" ("Id", "Complete", "DateCreation", "DateDerniereModification", "Designation", "FiliereCycleId", "ValeurCycle")
VALUES (@p0, @p1, @p2, @p3, @p4, @p5, @p6);
[2022-10-28 17:27:24.765 -04:00  INF]  Executed DbCommand (0ms) [Parameters=[@p1='?' (DbType = Guid), @p0='?' (DbType = DateTime)], CommandType='"Text"', CommandTimeout='30']
UPDATE "FiliereCycles" SET "DateDerniereModification" = @p0
WHERE "Id" = @p1;
SELECT changes();
[2022-10-28 17:27:24.773 -04:00  INF]  Executed DbCommand (0ms) [Parameters=[@p1='?' (DbType = Guid), @p0='?' (DbType = DateTime)], CommandType='"Text"', CommandTimeout='30']
UPDATE "Niveaux" SET "DateDerniereModification" = @p0
WHERE "Id" = @p1;
SELECT changes();
[2022-10-28 17:27:34.805 -04:00  INF]  Start processing HTTP request POST "http://localhost:5246/api/Niveau"
[2022-10-28 17:27:34.835 -04:00  INF]  Sending HTTP request POST "http://localhost:5246/api/Niveau"
[2022-10-28 17:27:38.542 -04:00  INF]  Sending HTTP request POST "https://localhost:7246/api/Niveau"
[2022-10-28 17:27:44.434 -04:00  INF]  Sending HTTP request POST "https://localhost:7246/api/Niveau"
[2022-10-28 17:27:54.387 -04:00  INF]  Sending HTTP request POST "https://localhost:7246/api/Niveau"
[2022-10-28 17:28:12.284 -04:00  INF]  Sending HTTP request POST "https://localhost:7246/api/Niveau"
[2022-10-28 17:28:12.509 -04:00  INF]  Received HTTP response headers after 189.3642ms - 200
[2022-10-28 17:28:12.520 -04:00  INF]  End processing HTTP request after 37718.6323ms - 200
[2022-10-28 17:28:12.532 -04:00  INF]  Niveau ajoutter dans Gdc OK
[2022-10-28 17:28:12.758 -04:00  INF]  Executed DbCommand (0ms) [Parameters=[@p1='?' (DbType = Guid), @p0='?' (DbType = DateTime)], CommandType='"Text"', CommandTimeout='30']
UPDATE "FiliereCycles" SET "DateDerniereModification" = @p0
WHERE "Id" = @p1;
SELECT changes();
[2022-10-28 17:28:12.765 -04:00  INF]  Executed DbCommand (1ms) [Parameters=[@p6='?' (DbType = Guid), @p0='?' (DbType = Boolean), @p1='?' (DbType = DateTime), @p2='?' (DbType = DateTime), @p3='?' (Size = 6), @p4='?' (DbType = Guid), @p5='?' (DbType = Int32)], CommandType='"Text"', CommandTimeout='30']
UPDATE "Niveaux" SET "Complete" = @p0, "DateCreation" = @p1, "DateDerniereModification" = @p2, "Designation" = @p3, "FiliereCycleId" = @p4, "ValeurCycle" = @p5
WHERE "Id" = @p6;
SELECT changes();
[2022-10-28 17:28:12.832 -04:00  INF]  Executed action Gesc.Api.Controllers.NiveauController.AjouterUnNiveau (Gesc.Api) in 67641.9046ms
[2022-10-28 17:28:12.836 -04:00  INF]  Executed endpoint 'Gesc.Api.Controllers.NiveauController.AjouterUnNiveau (Gesc.Api)'
[2022-10-28 17:28:12.873 -04:00  INF]  Request finished HTTP/1.1 POST https://localhost:7020/api/Niveau application/json 109 - 200 - application/json;+charset=utf-8 67833.4643ms
[2022-10-28 17:28:41.187 -04:00  INF]  Request starting HTTP/1.1 GET https://localhost:7020/api/Niveau - -
[2022-10-28 17:28:41.191 -04:00  INF]  Executing endpoint 'Gesc.Api.Controllers.NiveauController.LireTousLesNiveaus (Gesc.Api)'
[2022-10-28 17:28:41.199 -04:00  INF]  Route matched with {action = "LireTousLesNiveaus", controller = "Niveau"}. Executing controller action with signature System.Threading.Tasks.Task`1[Microsoft.AspNetCore.Mvc.ActionResult`1[System.Collections.Generic.List`1[Gesc.Api.Dtos.Config.Niveaux.NiveauDto]]] LireTousLesNiveaus() on controller Gesc.Api.Controllers.NiveauController (Gesc.Api).
[2022-10-28 17:28:41.280 -04:00  INF]  Executed action Gesc.Api.Controllers.NiveauController.LireTousLesNiveaus (Gesc.Api) in 76.6771ms
[2022-10-28 17:28:41.282 -04:00  INF]  Executed endpoint 'Gesc.Api.Controllers.NiveauController.LireTousLesNiveaus (Gesc.Api)'
[2022-10-28 17:28:41.285 -04:00  INF]  Request finished HTTP/1.1 GET https://localhost:7020/api/Niveau - - - 200 - application/json;+charset=utf-8 97.5835ms
[2022-10-28 17:29:41.826 -04:00  INF]  Request starting HTTP/1.1 POST https://localhost:7020/api/Niveau application/json 107
[2022-10-28 17:29:41.828 -04:00  INF]  Executing endpoint 'Gesc.Api.Controllers.NiveauController.AjouterUnNiveau (Gesc.Api)'
[2022-10-28 17:29:41.831 -04:00  INF]  Route matched with {action = "AjouterUnNiveau", controller = "Niveau"}. Executing controller action with signature System.Threading.Tasks.Task`1[Microsoft.AspNetCore.Mvc.ActionResult`1[MsCommun.Reponses.ReponseDeRequette]] AjouterUnNiveau(Gesc.Api.Dtos.Config.Niveaux.NiveauACreerDto) on controller Gesc.Api.Controllers.NiveauController (Gesc.Api).
[2022-10-28 17:29:42.210 -04:00  INF]  Niveau ajoutter dans Gdc OK
[2022-10-28 17:29:42.247 -04:00  INF]  Executed action Gesc.Api.Controllers.NiveauController.AjouterUnNiveau (Gesc.Api) in 407.1377ms
[2022-10-28 17:29:42.261 -04:00  INF]  Executed endpoint 'Gesc.Api.Controllers.NiveauController.AjouterUnNiveau (Gesc.Api)'
[2022-10-28 17:29:42.264 -04:00  INF]  Request finished HTTP/1.1 POST https://localhost:7020/api/Niveau application/json 107 - 200 - application/json;+charset=utf-8 437.7438ms
