[2022-11-01 16:41:39.919 -04:00  INF]  Now listening on: https://localhost:7020
[2022-11-01 16:41:41.539 -04:00  INF]  Now listening on: http://localhost:5020
[2022-11-01 16:41:41.549 -04:00  INF]  Application started. Press Ctrl+C to shut down.
[2022-11-01 16:41:41.551 -04:00  INF]  Hosting environment: Development
[2022-11-01 16:41:41.553 -04:00  INF]  Content root path: C:\Users\tsill\Documents\GitHub\Schoolap\Backend1.0\GCE\Gesc.Api\
[2022-11-01 16:41:51.601 -04:00  INF]  Request starting HTTP/2 GET https://localhost:7020/swagger - -
[2022-11-01 16:41:53.609 -04:00  INF]  Request finished HTTP/2 GET https://localhost:7020/swagger - - - 301 0 - 2020.7293ms
[2022-11-01 16:41:53.683 -04:00  INF]  Request starting HTTP/2 GET https://localhost:7020/swagger/index.html - -
[2022-11-01 16:41:54.949 -04:00  INF]  Request finished HTTP/2 GET https://localhost:7020/swagger/index.html - - - 200 - text/html;charset=utf-8 1266.1002ms
[2022-11-01 16:41:55.052 -04:00  INF]  Request starting HTTP/2 GET https://localhost:7020/swagger/swagger-ui.css - -
[2022-11-01 16:41:55.054 -04:00  INF]  Request starting HTTP/2 GET https://localhost:7020/swagger/swagger-ui-bundle.js - -
[2022-11-01 16:41:55.056 -04:00  INF]  Request starting HTTP/2 GET https://localhost:7020/_framework/aspnetcore-browser-refresh.js - -
[2022-11-01 16:41:55.319 -04:00  INF]  Sending file. Request path: '/swagger-ui.css'. Physical path: 'N/A'
[2022-11-01 16:41:55.056 -04:00  INF]  Request starting HTTP/2 GET https://localhost:7020/swagger/swagger-ui-standalone-preset.js - -
[2022-11-01 16:41:55.610 -04:00  INF]  Request starting HTTP/2 GET https://localhost:7020/_vs/browserLink - -
[2022-11-01 16:41:55.633 -04:00  INF]  Request finished HTTP/2 GET https://localhost:7020/swagger/swagger-ui.css - - - 200 143632 text/css 580.5227ms
[2022-11-01 16:41:55.633 -04:00  INF]  Request finished HTTP/2 GET https://localhost:7020/_framework/aspnetcore-browser-refresh.js - - - 200 11984 application/javascript;+charset=utf-8 576.8960ms
[2022-11-01 16:41:55.738 -04:00  INF]  Sending file. Request path: '/swagger-ui-standalone-preset.js'. Physical path: 'N/A'
[2022-11-01 16:41:55.924 -04:00  INF]  Sending file. Request path: '/swagger-ui-bundle.js'. Physical path: 'N/A'
[2022-11-01 16:41:56.346 -04:00  INF]  Request finished HTTP/2 GET https://localhost:7020/swagger/swagger-ui-standalone-preset.js - - - 200 337162 application/javascript 1290.2267ms
[2022-11-01 16:41:56.352 -04:00  INF]  Request finished HTTP/2 GET https://localhost:7020/swagger/swagger-ui-bundle.js - - - 200 1092889 application/javascript 1297.1126ms
[2022-11-01 16:42:01.514 -04:00  INF]  Request finished HTTP/2 GET https://localhost:7020/_vs/browserLink - - - 200 - text/javascript;+charset=UTF-8 5903.8650ms
[2022-11-01 16:42:02.122 -04:00  INF]  Request starting HTTP/2 GET https://localhost:7020/swagger/v1/swagger.json - -
[2022-11-01 16:42:02.775 -04:00  INF]  Request finished HTTP/2 GET https://localhost:7020/swagger/v1/swagger.json - - - 200 - application/json;charset=utf-8 652.1632ms
[2022-11-01 16:42:15.357 -04:00  INF]  Request starting HTTP/2 GET https://localhost:7020/api/Cycle - -
[2022-11-01 16:42:15.443 -04:00  INF]  Executing endpoint 'Gesc.Api.Controllers.CycleController.LireTousLesCycles (Gesc.Api)'
[2022-11-01 16:42:15.649 -04:00  INF]  Route matched with {action = "LireTousLesCycles", controller = "Cycle"}. Executing controller action with signature System.Threading.Tasks.Task`1[Microsoft.AspNetCore.Mvc.ActionResult`1[System.Collections.Generic.List`1[Gesc.Api.Dtos.Config.Cycles.CycleDto]]] LireTousLesCycles() on controller Gesc.Api.Controllers.CycleController (Gesc.Api).
[2022-11-01 16:42:28.561 -04:00  INF]  Entity Framework Core 6.0.10 initialized 'SchoolConfigDbContext' using provider 'Microsoft.EntityFrameworkCore.Sqlite:6.0.10' with options: None
[2022-11-01 16:42:34.571 -04:00  INF]  Executed DbCommand (117ms) [Parameters=[], CommandType='"Text"', CommandTimeout='30']
SELECT "c"."Id", "c"."Cygle", "c"."DateCreation", "c"."DateDerniereModification", "c"."Description", "c"."Designation"
FROM "Cycles" AS "c"
[2022-11-01 16:42:34.981 -04:00  INF]  Executing OkObjectResult, writing value of type 'System.Collections.Generic.List`1[[Gesc.Api.Dtos.Config.Cycles.CycleDto, Gesc.Api, Version=1.0.0.0, Culture=neutral, PublicKeyToken=null]]'.
[2022-11-01 16:42:35.034 -04:00  INF]  Executed action Gesc.Api.Controllers.CycleController.LireTousLesCycles (Gesc.Api) in 19355.4059ms
[2022-11-01 16:42:35.041 -04:00  INF]  Executed endpoint 'Gesc.Api.Controllers.CycleController.LireTousLesCycles (Gesc.Api)'
[2022-11-01 16:42:35.058 -04:00  INF]  Request finished HTTP/2 GET https://localhost:7020/api/Cycle - - - 200 - application/json;+charset=utf-8 19700.9441ms
[2022-11-01 16:42:57.812 -04:00  INF]  Request starting HTTP/2 GET https://localhost:7020/api/Niveau - -
[2022-11-01 16:42:57.960 -04:00  INF]  Executing endpoint 'Gesc.Api.Controllers.NiveauController.LireTousLesNiveaus (Gesc.Api)'
[2022-11-01 16:42:58.076 -04:00  INF]  Route matched with {action = "LireTousLesNiveaus", controller = "Niveau"}. Executing controller action with signature System.Threading.Tasks.Task`1[Microsoft.AspNetCore.Mvc.ActionResult`1[System.Collections.Generic.List`1[Gesc.Api.Dtos.Config.Niveaux.NiveauDto]]] LireTousLesNiveaus() on controller Gesc.Api.Controllers.NiveauController (Gesc.Api).
[2022-11-01 16:42:58.304 -04:00  INF]  Entity Framework Core 6.0.10 initialized 'SchoolConfigDbContext' using provider 'Microsoft.EntityFrameworkCore.Sqlite:6.0.10' with options: None
[2022-11-01 16:42:58.385 -04:00  INF]  Executed DbCommand (10ms) [Parameters=[], CommandType='"Text"', CommandTimeout='30']
SELECT "n"."Id", "n"."Complete", "n"."DateCreation", "n"."DateDerniereModification", "n"."Designation", "n"."FiliereCycleId", "n"."ValeurCycle"
FROM "Niveaux" AS "n"
[2022-11-01 16:42:58.562 -04:00  INF]  Executing OkObjectResult, writing value of type 'System.Collections.Generic.List`1[[Gesc.Api.Dtos.Config.Niveaux.NiveauDto, Gesc.Api, Version=1.0.0.0, Culture=neutral, PublicKeyToken=null]]'.
[2022-11-01 16:42:58.591 -04:00  INF]  Executed action Gesc.Api.Controllers.NiveauController.LireTousLesNiveaus (Gesc.Api) in 501.695ms
[2022-11-01 16:42:58.598 -04:00  INF]  Executed endpoint 'Gesc.Api.Controllers.NiveauController.LireTousLesNiveaus (Gesc.Api)'
[2022-11-01 16:42:58.606 -04:00  INF]  Request finished HTTP/2 GET https://localhost:7020/api/Niveau - - - 200 - application/json;+charset=utf-8 800.6266ms
