[2022-10-27 16:18:12.589 -04:00  INF]  Entity Framework Core 6.0.10 initialized 'SchoolConfigDbContext' using provider 'Microsoft.EntityFrameworkCore.Sqlite:6.0.10' with options: None
[2022-10-27 16:18:25.510 -04:00  INF]  Entity Framework Core 6.0.10 initialized 'SchoolConfigDbContext' using provider 'Microsoft.EntityFrameworkCore.Sqlite:6.0.10' with options: None
[2022-10-27 16:18:25.740 -04:00  INF]  Executed DbCommand (19ms) [Parameters=[], CommandType='"Text"', CommandTimeout='30']
PRAGMA journal_mode = 'wal';
[2022-10-27 16:18:25.907 -04:00  INF]  Executed DbCommand (10ms) [Parameters=[], CommandType='"Text"', CommandTimeout='30']
CREATE TABLE "__EFMigrationsHistory" (
    "MigrationId" TEXT NOT NULL CONSTRAINT "PK___EFMigrationsHistory" PRIMARY KEY,
    "ProductVersion" TEXT NOT NULL
);
[2022-10-27 16:18:25.925 -04:00  INF]  Executed DbCommand (3ms) [Parameters=[], CommandType='"Text"', CommandTimeout='30']
SELECT COUNT(*) FROM "sqlite_master" WHERE "name" = '__EFMigrationsHistory' AND "type" = 'table';
[2022-10-27 16:18:25.929 -04:00  INF]  Executed DbCommand (1ms) [Parameters=[], CommandType='"Text"', CommandTimeout='30']
SELECT "MigrationId", "ProductVersion"
FROM "__EFMigrationsHistory"
ORDER BY "MigrationId";
[2022-10-27 16:18:25.953 -04:00  INF]  Applying migration '20221027201812_initial-migration'.
[2022-10-27 16:18:26.036 -04:00  INF]  Executed DbCommand (0ms) [Parameters=[], CommandType='"Text"', CommandTimeout='30']
CREATE TABLE "Cycles" (
    "Id" TEXT NOT NULL CONSTRAINT "PK_Cycles" PRIMARY KEY,
    "Designation" TEXT NOT NULL,
    "Description" TEXT NOT NULL,
    "DateCreation" TEXT NOT NULL,
    "DateDerniereModification" TEXT NOT NULL,
    "Cygle" TEXT NOT NULL
);
[2022-10-27 16:18:26.036 -04:00  INF]  Executed DbCommand (0ms) [Parameters=[], CommandType='"Text"', CommandTimeout='30']
CREATE TABLE "Ecoles" (
    "Id" TEXT NOT NULL CONSTRAINT "PK_Ecoles" PRIMARY KEY,
    "Specialite" TEXT NOT NULL,
    "DateCreation" TEXT NOT NULL,
    "DateDerniereModification" TEXT NOT NULL,
    "Designation" TEXT NOT NULL,
    "Description" TEXT NOT NULL,
    "Cygle" TEXT NOT NULL
);
[2022-10-27 16:18:26.036 -04:00  INF]  Executed DbCommand (0ms) [Parameters=[], CommandType='"Text"', CommandTimeout='30']
CREATE TABLE "Departements" (
    "Id" TEXT NOT NULL CONSTRAINT "PK_Departements" PRIMARY KEY,
    "EcoleId" TEXT NOT NULL,
    "DateCreation" TEXT NOT NULL,
    "DateDerniereModification" TEXT NOT NULL,
    "Designation" TEXT NOT NULL,
    "Description" TEXT NOT NULL,
    "Cygle" TEXT NOT NULL,
    CONSTRAINT "FK_Departements_Ecoles_EcoleId" FOREIGN KEY ("EcoleId") REFERENCES "Ecoles" ("Id") ON DELETE CASCADE
);
[2022-10-27 16:18:26.036 -04:00  INF]  Executed DbCommand (0ms) [Parameters=[], CommandType='"Text"', CommandTimeout='30']
CREATE TABLE "Filieres" (
    "Id" TEXT NOT NULL CONSTRAINT "PK_Filieres" PRIMARY KEY,
    "DepartementId" TEXT NOT NULL,
    "DateCreation" TEXT NOT NULL,
    "DateDerniereModification" TEXT NOT NULL,
    "Designation" TEXT NOT NULL,
    "Description" TEXT NOT NULL,
    "Cygle" TEXT NOT NULL,
    CONSTRAINT "FK_Filieres_Departements_DepartementId" FOREIGN KEY ("DepartementId") REFERENCES "Departements" ("Id") ON DELETE CASCADE
);
[2022-10-27 16:18:26.036 -04:00  INF]  Executed DbCommand (0ms) [Parameters=[], CommandType='"Text"', CommandTimeout='30']
CREATE TABLE "CycleFiliere" (
    "CyclesId" TEXT NOT NULL,
    "FilieresId" TEXT NOT NULL,
    CONSTRAINT "PK_CycleFiliere" PRIMARY KEY ("CyclesId", "FilieresId"),
    CONSTRAINT "FK_CycleFiliere_Cycles_CyclesId" FOREIGN KEY ("CyclesId") REFERENCES "Cycles" ("Id") ON DELETE CASCADE,
    CONSTRAINT "FK_CycleFiliere_Filieres_FilieresId" FOREIGN KEY ("FilieresId") REFERENCES "Filieres" ("Id") ON DELETE CASCADE
);
[2022-10-27 16:18:26.037 -04:00  INF]  Executed DbCommand (0ms) [Parameters=[], CommandType='"Text"', CommandTimeout='30']
CREATE TABLE "FiliereCycles" (
    "Id" TEXT NOT NULL CONSTRAINT "PK_FiliereCycles" PRIMARY KEY,
    "FiliereId" TEXT NOT NULL,
    "CycleId" TEXT NOT NULL,
    "DateCreation" TEXT NOT NULL,
    "DateDerniereModification" TEXT NOT NULL,
    CONSTRAINT "FK_FiliereCycles_Cycles_CycleId" FOREIGN KEY ("CycleId") REFERENCES "Cycles" ("Id") ON DELETE CASCADE,
    CONSTRAINT "FK_FiliereCycles_Filieres_FiliereId" FOREIGN KEY ("FiliereId") REFERENCES "Filieres" ("Id") ON DELETE CASCADE
);
[2022-10-27 16:18:26.037 -04:00  INF]  Executed DbCommand (0ms) [Parameters=[], CommandType='"Text"', CommandTimeout='30']
CREATE TABLE "Niveaux" (
    "Id" TEXT NOT NULL CONSTRAINT "PK_Niveaux" PRIMARY KEY,
    "ValeurCycle" INTEGER NOT NULL,
    "Designation" TEXT NOT NULL,
    "FiliereCycleId" TEXT NOT NULL,
    "DateCreation" TEXT NOT NULL,
    "DateDerniereModification" TEXT NOT NULL,
    CONSTRAINT "FK_Niveaux_FiliereCycles_FiliereCycleId" FOREIGN KEY ("FiliereCycleId") REFERENCES "FiliereCycles" ("Id") ON DELETE CASCADE
);
[2022-10-27 16:18:26.037 -04:00  INF]  Executed DbCommand (0ms) [Parameters=[], CommandType='"Text"', CommandTimeout='30']
CREATE TABLE "Etudiants" (
    "Id" TEXT NOT NULL CONSTRAINT "PK_Etudiants" PRIMARY KEY,
    "Nom" TEXT NOT NULL,
    "Prenom" TEXT NOT NULL,
    "NumeroExterne" TEXT NOT NULL,
    "NiveauId" TEXT NOT NULL,
    "DateCreation" TEXT NOT NULL,
    "DateDerniereModification" TEXT NOT NULL,
    CONSTRAINT "FK_Etudiants_Niveaux_NiveauId" FOREIGN KEY ("NiveauId") REFERENCES "Niveaux" ("Id") ON DELETE CASCADE
);
[2022-10-27 16:18:26.037 -04:00  INF]  Executed DbCommand (0ms) [Parameters=[], CommandType='"Text"', CommandTimeout='30']
CREATE INDEX "IX_CycleFiliere_FilieresId" ON "CycleFiliere" ("FilieresId");
[2022-10-27 16:18:26.501 -04:00  INF]  Executed DbCommand (0ms) [Parameters=[], CommandType='"Text"', CommandTimeout='30']
CREATE INDEX "IX_Departements_EcoleId" ON "Departements" ("EcoleId");
[2022-10-27 16:18:26.502 -04:00  INF]  Executed DbCommand (0ms) [Parameters=[], CommandType='"Text"', CommandTimeout='30']
CREATE INDEX "IX_Etudiants_NiveauId" ON "Etudiants" ("NiveauId");
[2022-10-27 16:18:26.502 -04:00  INF]  Executed DbCommand (0ms) [Parameters=[], CommandType='"Text"', CommandTimeout='30']
CREATE INDEX "IX_FiliereCycles_CycleId" ON "FiliereCycles" ("CycleId");
[2022-10-27 16:18:26.502 -04:00  INF]  Executed DbCommand (0ms) [Parameters=[], CommandType='"Text"', CommandTimeout='30']
CREATE INDEX "IX_FiliereCycles_FiliereId" ON "FiliereCycles" ("FiliereId");
[2022-10-27 16:18:26.503 -04:00  INF]  Executed DbCommand (0ms) [Parameters=[], CommandType='"Text"', CommandTimeout='30']
CREATE INDEX "IX_Filieres_DepartementId" ON "Filieres" ("DepartementId");
[2022-10-27 16:18:26.503 -04:00  INF]  Executed DbCommand (0ms) [Parameters=[], CommandType='"Text"', CommandTimeout='30']
CREATE INDEX "IX_Niveaux_FiliereCycleId" ON "Niveaux" ("FiliereCycleId");
[2022-10-27 16:18:26.503 -04:00  INF]  Executed DbCommand (0ms) [Parameters=[], CommandType='"Text"', CommandTimeout='30']
INSERT INTO "__EFMigrationsHistory" ("MigrationId", "ProductVersion")
VALUES ('20221027201812_initial-migration', '6.0.10');
[2022-10-27 16:18:51.653 -04:00  INF]  Now listening on: https://localhost:7020
[2022-10-27 16:18:51.952 -04:00  INF]  Now listening on: http://localhost:5020
[2022-10-27 16:18:51.961 -04:00  INF]  Application started. Press Ctrl+C to shut down.
[2022-10-27 16:18:51.965 -04:00  INF]  Hosting environment: Development
[2022-10-27 16:18:51.967 -04:00  INF]  Content root path: C:\Users\tsill\Documents\GitHub\Schoolap\Backend1.0\GCE\Gesc.Api\
[2022-10-27 16:18:53.946 -04:00  INF]  Request starting HTTP/2 GET https://localhost:7020/swagger/index.html - -
[2022-10-27 16:18:55.213 -04:00  INF]  Request starting HTTP/2 GET https://localhost:7020/_framework/aspnetcore-browser-refresh.js - -
[2022-10-27 16:18:55.271 -04:00  INF]  Request finished HTTP/2 GET https://localhost:7020/swagger/index.html - - - 200 - text/html;charset=utf-8 1333.5343ms
[2022-10-27 16:18:55.316 -04:00  INF]  Request finished HTTP/2 GET https://localhost:7020/_framework/aspnetcore-browser-refresh.js - - - 200 11984 application/javascript;+charset=utf-8 102.6699ms
[2022-10-27 16:18:55.399 -04:00  INF]  Request starting HTTP/2 GET https://localhost:7020/_vs/browserLink - -
[2022-10-27 16:18:55.590 -04:00  INF]  Request finished HTTP/2 GET https://localhost:7020/_vs/browserLink - - - 200 - text/javascript;+charset=UTF-8 190.7306ms
[2022-10-27 16:18:55.813 -04:00  INF]  Request starting HTTP/2 GET https://localhost:7020/swagger/v1/swagger.json - -
[2022-10-27 16:18:56.376 -04:00  INF]  Request finished HTTP/2 GET https://localhost:7020/swagger/v1/swagger.json - - - 200 - application/json;charset=utf-8 563.0160ms
[2022-10-27 16:19:49.046 -04:00  INF]  Request starting HTTP/1.1 POST https://localhost:7020/api/Ecole application/json 121
[2022-10-27 16:19:49.066 -04:00  INF]  Executing endpoint 'Gesc.Api.Controllers.EcoleController.AjouterUnecole (Gesc.Api)'
[2022-10-27 16:19:49.123 -04:00  INF]  Route matched with {action = "AjouterUnecole", controller = "Ecole"}. Executing controller action with signature System.Threading.Tasks.Task`1[Microsoft.AspNetCore.Mvc.ActionResult`1[MsCommun.Reponses.ReponseDeRequette]] AjouterUnecole(Gesc.Api.Dtos.Config.Ecole.EcoleACreerDto) on controller Gesc.Api.Controllers.EcoleController (Gesc.Api).
[2022-10-27 16:19:51.561 -04:00  INF]  Entity Framework Core 6.0.10 initialized 'SchoolConfigDbContext' using provider 'Microsoft.EntityFrameworkCore.Sqlite:6.0.10' with options: None
[2022-10-27 16:19:52.402 -04:00  INF]  Executed DbCommand (16ms) [Parameters=[@p0='?' (DbType = Guid), @p1='?' (Size = 4), @p2='?' (DbType = DateTime), @p3='?' (DbType = DateTime), @p4='?' (Size = 15), @p5='?' (Size = 11), @p6='?' (Size = 12)], CommandType='"Text"', CommandTimeout='30']
INSERT INTO "Ecoles" ("Id", "Cygle", "DateCreation", "DateDerniereModification", "Description", "Designation", "Specialite")
VALUES (@p0, @p1, @p2, @p3, @p4, @p5, @p6);
[2022-10-27 16:19:52.511 -04:00  INF]  Executed DbCommand (1ms) [Parameters=[@p1='?' (DbType = Guid), @p0='?' (DbType = DateTime)], CommandType='"Text"', CommandTimeout='30']
UPDATE "Ecoles" SET "DateDerniereModification" = @p0
WHERE "Id" = @p1;
SELECT changes();
[2022-10-27 16:19:52.541 -04:00  INF]  Executing OkObjectResult, writing value of type 'MsCommun.Reponses.ReponseDeRequette'.
[2022-10-27 16:19:52.563 -04:00  INF]  Executed action Gesc.Api.Controllers.EcoleController.AjouterUnecole (Gesc.Api) in 3426.3322ms
[2022-10-27 16:19:52.574 -04:00  INF]  Executed endpoint 'Gesc.Api.Controllers.EcoleController.AjouterUnecole (Gesc.Api)'
[2022-10-27 16:19:52.591 -04:00  INF]  Request finished HTTP/1.1 POST https://localhost:7020/api/Ecole application/json 121 - 200 - application/json;+charset=utf-8 3540.2123ms
[2022-10-27 16:20:11.604 -04:00  INF]  Request starting HTTP/1.1 POST https://localhost:7020/api/Departement application/json 158
[2022-10-27 16:20:11.611 -04:00  INF]  Executing endpoint 'Gesc.Api.Controllers.DepartementController.AjouterUnDepartement (Gesc.Api)'
[2022-10-27 16:20:11.616 -04:00  INF]  Route matched with {action = "AjouterUnDepartement", controller = "Departement"}. Executing controller action with signature System.Threading.Tasks.Task`1[Microsoft.AspNetCore.Mvc.ActionResult`1[MsCommun.Reponses.ReponseDeRequette]] AjouterUnDepartement(Gesc.Api.Dtos.Config.Departements.DepartementACreerDto) on controller Gesc.Api.Controllers.DepartementController (Gesc.Api).
[2022-10-27 16:20:11.719 -04:00  INF]  Entity Framework Core 6.0.10 initialized 'SchoolConfigDbContext' using provider 'Microsoft.EntityFrameworkCore.Sqlite:6.0.10' with options: None
[2022-10-27 16:20:12.426 -04:00  INF]  Executed DbCommand (0ms) [Parameters=[@__get_Item_0='?' (DbType = Guid)], CommandType='"Text"', CommandTimeout='30']
SELECT "e"."Id", "e"."Cygle", "e"."DateCreation", "e"."DateDerniereModification", "e"."Description", "e"."Designation", "e"."Specialite"
FROM "Ecoles" AS "e"
WHERE "e"."Id" = @__get_Item_0
LIMIT 1
[2022-10-27 16:20:12.511 -04:00  INF]  Executed DbCommand (2ms) [Parameters=[@p0='?' (DbType = Guid), @p1='?' (Size = 2), @p2='?' (DbType = DateTime), @p3='?' (DbType = DateTime), @p4='?' (Size = 32), @p5='?' (Size = 12), @p6='?' (DbType = Guid)], CommandType='"Text"', CommandTimeout='30']
INSERT INTO "Departements" ("Id", "Cygle", "DateCreation", "DateDerniereModification", "Description", "Designation", "EcoleId")
VALUES (@p0, @p1, @p2, @p3, @p4, @p5, @p6);
[2022-10-27 16:20:12.516 -04:00  INF]  Executed DbCommand (0ms) [Parameters=[@p1='?' (DbType = Guid), @p0='?' (DbType = DateTime)], CommandType='"Text"', CommandTimeout='30']
UPDATE "Ecoles" SET "DateDerniereModification" = @p0
WHERE "Id" = @p1;
SELECT changes();
[2022-10-27 16:20:12.524 -04:00  INF]  Executed DbCommand (0ms) [Parameters=[@p1='?' (DbType = Guid), @p0='?' (DbType = DateTime)], CommandType='"Text"', CommandTimeout='30']
UPDATE "Departements" SET "DateDerniereModification" = @p0
WHERE "Id" = @p1;
SELECT changes();
[2022-10-27 16:20:12.529 -04:00  INF]  Executed DbCommand (0ms) [Parameters=[@p1='?' (DbType = Guid), @p0='?' (DbType = DateTime)], CommandType='"Text"', CommandTimeout='30']
UPDATE "Ecoles" SET "DateDerniereModification" = @p0
WHERE "Id" = @p1;
SELECT changes();
[2022-10-27 16:20:12.534 -04:00  INF]  Executing OkObjectResult, writing value of type 'MsCommun.Reponses.ReponseDeRequette'.
[2022-10-27 16:20:12.538 -04:00  INF]  Executed action Gesc.Api.Controllers.DepartementController.AjouterUnDepartement (Gesc.Api) in 918.2817ms
[2022-10-27 16:20:12.541 -04:00  INF]  Executed endpoint 'Gesc.Api.Controllers.DepartementController.AjouterUnDepartement (Gesc.Api)'
[2022-10-27 16:20:12.543 -04:00  INF]  Request finished HTTP/1.1 POST https://localhost:7020/api/Departement application/json 158 - 200 - application/json;+charset=utf-8 939.0639ms
[2022-10-27 16:20:32.719 -04:00  INF]  Request starting HTTP/1.1 POST https://localhost:7020/api/Filiere application/json 161
[2022-10-27 16:20:32.728 -04:00  INF]  Executing endpoint 'Gesc.Api.Controllers.FiliereController.AjouterUneFiliere (Gesc.Api)'
[2022-10-27 16:20:32.733 -04:00  INF]  Route matched with {action = "AjouterUneFiliere", controller = "Filiere"}. Executing controller action with signature System.Threading.Tasks.Task`1[Microsoft.AspNetCore.Mvc.ActionResult`1[MsCommun.Reponses.ReponseDeRequette]] AjouterUneFiliere(Gesc.Api.Dtos.Config.Filieres.FiliereACreerDto) on controller Gesc.Api.Controllers.FiliereController (Gesc.Api).
[2022-10-27 16:20:32.778 -04:00  INF]  Entity Framework Core 6.0.10 initialized 'SchoolConfigDbContext' using provider 'Microsoft.EntityFrameworkCore.Sqlite:6.0.10' with options: None
[2022-10-27 16:20:32.795 -04:00  INF]  Executed DbCommand (0ms) [Parameters=[@__get_Item_0='?' (DbType = Guid)], CommandType='"Text"', CommandTimeout='30']
SELECT "d"."Id", "d"."Cygle", "d"."DateCreation", "d"."DateDerniereModification", "d"."Description", "d"."Designation", "d"."EcoleId"
FROM "Departements" AS "d"
WHERE "d"."Id" = @__get_Item_0
LIMIT 1
[2022-10-27 16:20:32.843 -04:00  INF]  Executed DbCommand (0ms) [Parameters=[@p1='?' (DbType = Guid), @p0='?' (DbType = DateTime)], CommandType='"Text"', CommandTimeout='30']
UPDATE "Departements" SET "DateDerniereModification" = @p0
WHERE "Id" = @p1;
SELECT changes();
[2022-10-27 16:20:32.849 -04:00  INF]  Executed DbCommand (0ms) [Parameters=[@p0='?' (DbType = Guid), @p1='?' (Size = 3), @p2='?' (DbType = DateTime), @p3='?' (DbType = DateTime), @p4='?' (DbType = Guid), @p5='?' (Size = 12), @p6='?' (Size = 28)], CommandType='"Text"', CommandTimeout='30']
INSERT INTO "Filieres" ("Id", "Cygle", "DateCreation", "DateDerniereModification", "DepartementId", "Description", "Designation")
VALUES (@p0, @p1, @p2, @p3, @p4, @p5, @p6);
[2022-10-27 16:20:32.856 -04:00  INF]  Executed DbCommand (0ms) [Parameters=[@p1='?' (DbType = Guid), @p0='?' (DbType = DateTime)], CommandType='"Text"', CommandTimeout='30']
UPDATE "Departements" SET "DateDerniereModification" = @p0
WHERE "Id" = @p1;
SELECT changes();
[2022-10-27 16:20:32.861 -04:00  INF]  Executed DbCommand (0ms) [Parameters=[@p1='?' (DbType = Guid), @p0='?' (DbType = DateTime)], CommandType='"Text"', CommandTimeout='30']
UPDATE "Filieres" SET "DateDerniereModification" = @p0
WHERE "Id" = @p1;
SELECT changes();
[2022-10-27 16:20:32.867 -04:00  INF]  Executing OkObjectResult, writing value of type 'MsCommun.Reponses.ReponseDeRequette'.
[2022-10-27 16:20:32.869 -04:00  INF]  Executed action Gesc.Api.Controllers.FiliereController.AjouterUneFiliere (Gesc.Api) in 131.4199ms
[2022-10-27 16:20:32.873 -04:00  INF]  Executed endpoint 'Gesc.Api.Controllers.FiliereController.AjouterUneFiliere (Gesc.Api)'
[2022-10-27 16:20:32.875 -04:00  INF]  Request finished HTTP/1.1 POST https://localhost:7020/api/Filiere application/json 161 - 200 - application/json;+charset=utf-8 155.5749ms
[2022-10-27 16:21:14.582 -04:00  INF]  Request starting HTTP/1.1 POST https://localhost:7020/api/Cycle application/json 112
[2022-10-27 16:21:14.592 -04:00  INF]  Executing endpoint 'Gesc.Api.Controllers.CycleController.AjouterUnCycle (Gesc.Api)'
[2022-10-27 16:21:14.597 -04:00  INF]  Route matched with {action = "AjouterUnCycle", controller = "Cycle"}. Executing controller action with signature System.Threading.Tasks.Task`1[Microsoft.AspNetCore.Mvc.ActionResult`1[MsCommun.Reponses.ReponseDeRequette]] AjouterUnCycle(Gesc.Api.Dtos.Config.Cycles.CycleACreerDto) on controller Gesc.Api.Controllers.CycleController (Gesc.Api).
[2022-10-27 16:21:14.614 -04:00  INF]  Entity Framework Core 6.0.10 initialized 'SchoolConfigDbContext' using provider 'Microsoft.EntityFrameworkCore.Sqlite:6.0.10' with options: None
[2022-10-27 16:21:14.649 -04:00  INF]  Executed DbCommand (0ms) [Parameters=[@p0='?' (DbType = Guid), @p1='?' (Size = 3), @p2='?' (DbType = DateTime), @p3='?' (DbType = DateTime), @p4='?' (Size = 25), @p5='?' (Size = 25)], CommandType='"Text"', CommandTimeout='30']
INSERT INTO "Cycles" ("Id", "Cygle", "DateCreation", "DateDerniereModification", "Description", "Designation")
VALUES (@p0, @p1, @p2, @p3, @p4, @p5);
[2022-10-27 16:21:14.656 -04:00  INF]  Executed DbCommand (0ms) [Parameters=[@p1='?' (DbType = Guid), @p0='?' (DbType = DateTime)], CommandType='"Text"', CommandTimeout='30']
UPDATE "Cycles" SET "DateDerniereModification" = @p0
WHERE "Id" = @p1;
SELECT changes();
[2022-10-27 16:21:14.661 -04:00  INF]  Executing OkObjectResult, writing value of type 'MsCommun.Reponses.ReponseDeRequette'.
[2022-10-27 16:21:14.664 -04:00  INF]  Executed action Gesc.Api.Controllers.CycleController.AjouterUnCycle (Gesc.Api) in 62.9169ms
[2022-10-27 16:21:14.666 -04:00  INF]  Executed endpoint 'Gesc.Api.Controllers.CycleController.AjouterUnCycle (Gesc.Api)'
[2022-10-27 16:21:14.668 -04:00  INF]  Request finished HTTP/1.1 POST https://localhost:7020/api/Cycle application/json 112 - 200 - application/json;+charset=utf-8 85.5539ms
[2022-10-27 16:21:28.039 -04:00  INF]  Request starting HTTP/1.1 GET https://localhost:7020/api/FiliereCycle - -
[2022-10-27 16:21:28.041 -04:00  INF]  Executing endpoint 'Gesc.Api.Controllers.FiliereCycleController.LireTousLesFiliereCycles (Gesc.Api)'
[2022-10-27 16:21:28.047 -04:00  INF]  Route matched with {action = "LireTousLesFiliereCycles", controller = "FiliereCycle"}. Executing controller action with signature System.Threading.Tasks.Task`1[Microsoft.AspNetCore.Mvc.ActionResult`1[System.Collections.Generic.List`1[Gesc.Api.Dtos.Config.FiliereCycles.FiliereCycleDto]]] LireTousLesFiliereCycles() on controller Gesc.Api.Controllers.FiliereCycleController (Gesc.Api).
[2022-10-27 16:21:28.058 -04:00  INF]  Entity Framework Core 6.0.10 initialized 'SchoolConfigDbContext' using provider 'Microsoft.EntityFrameworkCore.Sqlite:6.0.10' with options: None
[2022-10-27 16:21:28.072 -04:00  INF]  Executed DbCommand (0ms) [Parameters=[], CommandType='"Text"', CommandTimeout='30']
SELECT "f"."Id", "f"."CycleId", "f"."DateCreation", "f"."DateDerniereModification", "f"."FiliereId"
FROM "FiliereCycles" AS "f"
[2022-10-27 16:21:28.097 -04:00  INF]  Executing StatusCodeResult, setting HTTP status code 204
[2022-10-27 16:21:28.099 -04:00  INF]  Executed action Gesc.Api.Controllers.FiliereCycleController.LireTousLesFiliereCycles (Gesc.Api) in 46.638ms
[2022-10-27 16:21:28.101 -04:00  INF]  Executed endpoint 'Gesc.Api.Controllers.FiliereCycleController.LireTousLesFiliereCycles (Gesc.Api)'
[2022-10-27 16:21:28.107 -04:00  INF]  Request finished HTTP/1.1 GET https://localhost:7020/api/FiliereCycle - - - 204 - - 67.7973ms
[2022-10-27 16:21:50.722 -04:00  INF]  Request starting HTTP/1.1 POST https://localhost:7020/api/FiliereCycle application/json 110
[2022-10-27 16:21:50.732 -04:00  INF]  Executing endpoint 'Gesc.Api.Controllers.FiliereCycleController.AjouterUneFiliereCycle (Gesc.Api)'
[2022-10-27 16:21:50.737 -04:00  INF]  Route matched with {action = "AjouterUneFiliereCycle", controller = "FiliereCycle"}. Executing controller action with signature System.Threading.Tasks.Task`1[Microsoft.AspNetCore.Mvc.ActionResult`1[MsCommun.Reponses.ReponseDeRequette]] AjouterUneFiliereCycle(Gesc.Api.Dtos.Config.FiliereCycles.FiliereCycleACreerDto) on controller Gesc.Api.Controllers.FiliereCycleController (Gesc.Api).
[2022-10-27 16:21:50.755 -04:00  INF]  Entity Framework Core 6.0.10 initialized 'SchoolConfigDbContext' using provider 'Microsoft.EntityFrameworkCore.Sqlite:6.0.10' with options: None
[2022-10-27 16:21:50.765 -04:00  INF]  Executed DbCommand (0ms) [Parameters=[@__get_Item_0='?' (DbType = Guid)], CommandType='"Text"', CommandTimeout='30']
SELECT "f"."Id", "f"."Cygle", "f"."DateCreation", "f"."DateDerniereModification", "f"."DepartementId", "f"."Description", "f"."Designation"
FROM "Filieres" AS "f"
WHERE "f"."Id" = @__get_Item_0
LIMIT 1
[2022-10-27 16:21:50.777 -04:00  INF]  Executed DbCommand (0ms) [Parameters=[@__get_Item_0='?' (DbType = Guid)], CommandType='"Text"', CommandTimeout='30']
SELECT "c"."Id", "c"."Cygle", "c"."DateCreation", "c"."DateDerniereModification", "c"."Description", "c"."Designation"
FROM "Cycles" AS "c"
WHERE "c"."Id" = @__get_Item_0
LIMIT 1
[2022-10-27 16:21:50.803 -04:00  INF]  Executed DbCommand (0ms) [Parameters=[@p1='?' (DbType = Guid), @p0='?' (DbType = DateTime)], CommandType='"Text"', CommandTimeout='30']
UPDATE "Cycles" SET "DateDerniereModification" = @p0
WHERE "Id" = @p1;
SELECT changes();
[2022-10-27 16:21:50.808 -04:00  INF]  Executed DbCommand (0ms) [Parameters=[@p0='?' (DbType = Guid), @p1='?' (DbType = Guid), @p2='?' (DbType = DateTime), @p3='?' (DbType = DateTime), @p4='?' (DbType = Guid)], CommandType='"Text"', CommandTimeout='30']
INSERT INTO "FiliereCycles" ("Id", "CycleId", "DateCreation", "DateDerniereModification", "FiliereId")
VALUES (@p0, @p1, @p2, @p3, @p4);
[2022-10-27 16:21:50.813 -04:00  INF]  Executed DbCommand (0ms) [Parameters=[@p1='?' (DbType = Guid), @p0='?' (DbType = DateTime)], CommandType='"Text"', CommandTimeout='30']
UPDATE "Filieres" SET "DateDerniereModification" = @p0
WHERE "Id" = @p1;
SELECT changes();
[2022-10-27 16:21:50.821 -04:00  INF]  Executed DbCommand (0ms) [Parameters=[@p1='?' (DbType = Guid), @p0='?' (DbType = DateTime)], CommandType='"Text"', CommandTimeout='30']
UPDATE "Cycles" SET "DateDerniereModification" = @p0
WHERE "Id" = @p1;
SELECT changes();
[2022-10-27 16:21:50.826 -04:00  INF]  Executed DbCommand (0ms) [Parameters=[@p1='?' (DbType = Guid), @p0='?' (DbType = DateTime)], CommandType='"Text"', CommandTimeout='30']
UPDATE "FiliereCycles" SET "DateDerniereModification" = @p0
WHERE "Id" = @p1;
SELECT changes();
[2022-10-27 16:21:50.832 -04:00  INF]  Executed DbCommand (0ms) [Parameters=[@p1='?' (DbType = Guid), @p0='?' (DbType = DateTime)], CommandType='"Text"', CommandTimeout='30']
UPDATE "Filieres" SET "DateDerniereModification" = @p0
WHERE "Id" = @p1;
SELECT changes();
[2022-10-27 16:21:50.841 -04:00  INF]  Executing OkObjectResult, writing value of type 'MsCommun.Reponses.ReponseDeRequette'.
[2022-10-27 16:21:50.846 -04:00  INF]  Executed action Gesc.Api.Controllers.FiliereCycleController.AjouterUneFiliereCycle (Gesc.Api) in 105.1112ms
[2022-10-27 16:21:50.849 -04:00  INF]  Executed endpoint 'Gesc.Api.Controllers.FiliereCycleController.AjouterUneFiliereCycle (Gesc.Api)'
[2022-10-27 16:21:50.851 -04:00  INF]  Request finished HTTP/1.1 POST https://localhost:7020/api/FiliereCycle application/json 110 - 200 - application/json;+charset=utf-8 128.6414ms
[2022-10-27 16:22:12.330 -04:00  INF]  Request starting HTTP/1.1 POST https://localhost:7020/api/Niveau application/json 107
[2022-10-27 16:22:12.338 -04:00  INF]  Executing endpoint 'Gesc.Api.Controllers.NiveauController.AjouterUnNiveau (Gesc.Api)'
[2022-10-27 16:22:12.346 -04:00  INF]  Route matched with {action = "AjouterUnNiveau", controller = "Niveau"}. Executing controller action with signature System.Threading.Tasks.Task`1[Microsoft.AspNetCore.Mvc.ActionResult`1[MsCommun.Reponses.ReponseDeRequette]] AjouterUnNiveau(Gesc.Api.Dtos.Config.Niveaux.NiveauACreerDto) on controller Gesc.Api.Controllers.NiveauController (Gesc.Api).
[2022-10-27 16:22:12.393 -04:00  INF]  Entity Framework Core 6.0.10 initialized 'SchoolConfigDbContext' using provider 'Microsoft.EntityFrameworkCore.Sqlite:6.0.10' with options: None
[2022-10-27 16:22:12.448 -04:00  INF]  Executed DbCommand (0ms) [Parameters=[@__id_0='?' (DbType = Guid)], CommandType='"Text"', CommandTimeout='30']
SELECT "f"."Id", "f"."CycleId", "f"."DateCreation", "f"."DateDerniereModification", "f"."FiliereId"
FROM "FiliereCycles" AS "f"
WHERE "f"."Id" = @__id_0
LIMIT 2
[2022-10-27 16:22:12.498 -04:00  INF]  Executed DbCommand (0ms) [Parameters=[@p1='?' (DbType = Guid), @p0='?' (DbType = DateTime)], CommandType='"Text"', CommandTimeout='30']
UPDATE "FiliereCycles" SET "DateDerniereModification" = @p0
WHERE "Id" = @p1;
SELECT changes();
[2022-10-27 16:22:12.503 -04:00  INF]  Executed DbCommand (1ms) [Parameters=[@p0='?' (DbType = Guid), @p1='?' (DbType = DateTime), @p2='?' (DbType = DateTime), @p3='?' (Size = 4), @p4='?' (DbType = Guid), @p5='?' (DbType = Int32)], CommandType='"Text"', CommandTimeout='30']
INSERT INTO "Niveaux" ("Id", "DateCreation", "DateDerniereModification", "Designation", "FiliereCycleId", "ValeurCycle")
VALUES (@p0, @p1, @p2, @p3, @p4, @p5);
[2022-10-27 16:22:12.547 -04:00  INF]  Executed DbCommand (0ms) [Parameters=[@p1='?' (DbType = Guid), @p0='?' (DbType = DateTime)], CommandType='"Text"', CommandTimeout='30']
UPDATE "FiliereCycles" SET "DateDerniereModification" = @p0
WHERE "Id" = @p1;
SELECT changes();
[2022-10-27 16:22:12.552 -04:00  INF]  Executed DbCommand (0ms) [Parameters=[@p1='?' (DbType = Guid), @p0='?' (DbType = DateTime)], CommandType='"Text"', CommandTimeout='30']
UPDATE "Niveaux" SET "DateDerniereModification" = @p0
WHERE "Id" = @p1;
SELECT changes();
[2022-10-27 16:22:12.562 -04:00  INF]  Executing OkObjectResult, writing value of type 'MsCommun.Reponses.ReponseDeRequette'.
[2022-10-27 16:22:12.564 -04:00  INF]  Executed action Gesc.Api.Controllers.NiveauController.AjouterUnNiveau (Gesc.Api) in 213.927ms
[2022-10-27 16:22:12.566 -04:00  INF]  Executed endpoint 'Gesc.Api.Controllers.NiveauController.AjouterUnNiveau (Gesc.Api)'
[2022-10-27 16:22:12.568 -04:00  INF]  Request finished HTTP/1.1 POST https://localhost:7020/api/Niveau application/json 107 - 200 - application/json;+charset=utf-8 237.3270ms
[2022-10-27 19:07:31.976 -04:00  INF]  Now listening on: https://localhost:7020
[2022-10-27 19:07:32.068 -04:00  INF]  Now listening on: http://localhost:5020
[2022-10-27 19:07:32.074 -04:00  INF]  Application started. Press Ctrl+C to shut down.
[2022-10-27 19:07:32.076 -04:00  INF]  Hosting environment: Development
[2022-10-27 19:07:32.078 -04:00  INF]  Content root path: C:\Users\tsill\Documents\GitHub\Schoolap\Backend1.0\GCE\Gesc.Api\
[2022-10-27 19:07:33.829 -04:00  INF]  Request starting HTTP/2 GET https://localhost:7020/swagger/index.html - -
[2022-10-27 19:07:34.576 -04:00  INF]  Request starting HTTP/2 GET https://localhost:7020/_framework/aspnetcore-browser-refresh.js - -
[2022-10-27 19:07:34.593 -04:00  INF]  Request finished HTTP/2 GET https://localhost:7020/swagger/index.html - - - 200 - text/html;charset=utf-8 768.5619ms
[2022-10-27 19:07:34.720 -04:00  INF]  Request starting HTTP/2 GET https://localhost:7020/_vs/browserLink - -
[2022-10-27 19:07:34.734 -04:00  INF]  Request finished HTTP/2 GET https://localhost:7020/_framework/aspnetcore-browser-refresh.js - - - 200 11984 application/javascript;+charset=utf-8 158.2215ms
[2022-10-27 19:07:34.863 -04:00  INF]  Request finished HTTP/2 GET https://localhost:7020/_vs/browserLink - - - 200 - text/javascript;+charset=UTF-8 142.7462ms
[2022-10-27 19:07:34.974 -04:00  INF]  Request starting HTTP/2 GET https://localhost:7020/swagger/v1/swagger.json - -
[2022-10-27 19:07:35.458 -04:00  INF]  Request finished HTTP/2 GET https://localhost:7020/swagger/v1/swagger.json - - - 200 - application/json;charset=utf-8 483.4646ms
[2022-10-27 19:08:29.832 -04:00  INF]  Request starting HTTP/1.1 GET https://localhost:7020/api/Ecole - -
[2022-10-27 19:08:29.857 -04:00  INF]  Executing endpoint 'Gesc.Api.Controllers.EcoleController.LireTousLesEcoles (Gesc.Api)'
[2022-10-27 19:08:29.894 -04:00  INF]  Route matched with {action = "LireTousLesEcoles", controller = "Ecole"}. Executing controller action with signature System.Threading.Tasks.Task`1[Microsoft.AspNetCore.Mvc.ActionResult`1[System.Collections.Generic.List`1[Gesc.Api.Dtos.Config.Ecole.EcoleDto]]] LireTousLesEcoles() on controller Gesc.Api.Controllers.EcoleController (Gesc.Api).
[2022-10-27 19:08:32.441 -04:00  INF]  Entity Framework Core 6.0.10 initialized 'SchoolConfigDbContext' using provider 'Microsoft.EntityFrameworkCore.Sqlite:6.0.10' with options: None
[2022-10-27 19:08:33.323 -04:00  INF]  Executed DbCommand (27ms) [Parameters=[], CommandType='"Text"', CommandTimeout='30']
SELECT "e"."Id", "e"."Cygle", "e"."DateCreation", "e"."DateDerniereModification", "e"."Description", "e"."Designation", "e"."Specialite"
FROM "Ecoles" AS "e"
[2022-10-27 19:08:33.617 -04:00  INF]  Executing OkObjectResult, writing value of type 'System.Collections.Generic.List`1[[Gesc.Api.Dtos.Config.Ecole.EcoleDto, Gesc.Api, Version=1.0.0.0, Culture=neutral, PublicKeyToken=null]]'.
[2022-10-27 19:08:33.657 -04:00  INF]  Executed action Gesc.Api.Controllers.EcoleController.LireTousLesEcoles (Gesc.Api) in 3749.9222ms
[2022-10-27 19:08:33.661 -04:00  INF]  Executed endpoint 'Gesc.Api.Controllers.EcoleController.LireTousLesEcoles (Gesc.Api)'
[2022-10-27 19:08:33.677 -04:00  INF]  Request finished HTTP/1.1 GET https://localhost:7020/api/Ecole - - - 200 - application/json;+charset=utf-8 3845.2072ms
[2022-10-27 19:08:42.236 -04:00  INF]  Request starting HTTP/2 GET https://localhost:7020/swagger/v1/swagger.json - -
[2022-10-27 19:08:42.327 -04:00  INF]  Request finished HTTP/2 GET https://localhost:7020/swagger/v1/swagger.json - - - 200 - application/json;charset=utf-8 90.9697ms
[2022-10-27 19:08:50.471 -04:00  INF]  Request starting HTTP/2 GET https://localhost:7020/swagger/v1/swagger.json - -
[2022-10-27 19:08:50.533 -04:00  INF]  Request finished HTTP/2 GET https://localhost:7020/swagger/v1/swagger.json - - - 200 - application/json;charset=utf-8 60.2733ms
[2022-10-27 19:10:09.229 -04:00  INF]  Request starting HTTP/1.1 GET https://localhost:7020/api/Ecole - -
[2022-10-27 19:10:09.235 -04:00  INF]  Executing endpoint 'Gesc.Api.Controllers.EcoleController.LireTousLesEcoles (Gesc.Api)'
[2022-10-27 19:10:09.238 -04:00  INF]  Route matched with {action = "LireTousLesEcoles", controller = "Ecole"}. Executing controller action with signature System.Threading.Tasks.Task`1[Microsoft.AspNetCore.Mvc.ActionResult`1[System.Collections.Generic.List`1[Gesc.Api.Dtos.Config.Ecole.EcoleDto]]] LireTousLesEcoles() on controller Gesc.Api.Controllers.EcoleController (Gesc.Api).
[2022-10-27 19:10:09.310 -04:00  INF]  Entity Framework Core 6.0.10 initialized 'SchoolConfigDbContext' using provider 'Microsoft.EntityFrameworkCore.Sqlite:6.0.10' with options: None
[2022-10-27 19:10:09.316 -04:00  INF]  Executed DbCommand (0ms) [Parameters=[], CommandType='"Text"', CommandTimeout='30']
SELECT "e"."Id", "e"."Cygle", "e"."DateCreation", "e"."DateDerniereModification", "e"."Description", "e"."Designation", "e"."Specialite"
FROM "Ecoles" AS "e"
[2022-10-27 19:10:09.322 -04:00  INF]  Executing OkObjectResult, writing value of type 'System.Collections.Generic.List`1[[Gesc.Api.Dtos.Config.Ecole.EcoleDto, Gesc.Api, Version=1.0.0.0, Culture=neutral, PublicKeyToken=null]]'.
[2022-10-27 19:10:09.325 -04:00  INF]  Executed action Gesc.Api.Controllers.EcoleController.LireTousLesEcoles (Gesc.Api) in 83.5858ms
[2022-10-27 19:10:09.328 -04:00  INF]  Executed endpoint 'Gesc.Api.Controllers.EcoleController.LireTousLesEcoles (Gesc.Api)'
[2022-10-27 19:10:09.330 -04:00  INF]  Request finished HTTP/1.1 GET https://localhost:7020/api/Ecole - - - 200 - application/json;+charset=utf-8 101.6145ms
[2022-10-27 19:12:17.226 -04:00  INF]  Request starting HTTP/1.1 GET https://localhost:7020/api/Departement - -
[2022-10-27 19:12:17.233 -04:00  INF]  Executing endpoint 'Gesc.Api.Controllers.DepartementController.LireTousLesDepartements (Gesc.Api)'
[2022-10-27 19:12:17.238 -04:00  INF]  Route matched with {action = "LireTousLesDepartements", controller = "Departement"}. Executing controller action with signature System.Threading.Tasks.Task`1[Microsoft.AspNetCore.Mvc.ActionResult`1[System.Collections.Generic.List`1[Gesc.Api.Dtos.Config.Departements.DepartementDto]]] LireTousLesDepartements() on controller Gesc.Api.Controllers.DepartementController (Gesc.Api).
[2022-10-27 19:12:17.265 -04:00  INF]  Entity Framework Core 6.0.10 initialized 'SchoolConfigDbContext' using provider 'Microsoft.EntityFrameworkCore.Sqlite:6.0.10' with options: None
[2022-10-27 19:12:17.281 -04:00  INF]  Executed DbCommand (0ms) [Parameters=[], CommandType='"Text"', CommandTimeout='30']
SELECT "d"."Id", "d"."Cygle", "d"."DateCreation", "d"."DateDerniereModification", "d"."Description", "d"."Designation", "d"."EcoleId"
FROM "Departements" AS "d"
[2022-10-27 19:12:17.326 -04:00  INF]  Executing OkObjectResult, writing value of type 'System.Collections.Generic.List`1[[Gesc.Api.Dtos.Config.Departements.DepartementDto, Gesc.Api, Version=1.0.0.0, Culture=neutral, PublicKeyToken=null]]'.
[2022-10-27 19:12:17.335 -04:00  INF]  Executed action Gesc.Api.Controllers.DepartementController.LireTousLesDepartements (Gesc.Api) in 92.4384ms
[2022-10-27 19:12:17.340 -04:00  INF]  Executed endpoint 'Gesc.Api.Controllers.DepartementController.LireTousLesDepartements (Gesc.Api)'
[2022-10-27 19:12:17.343 -04:00  INF]  Request finished HTTP/1.1 GET https://localhost:7020/api/Departement - - - 200 - application/json;+charset=utf-8 116.9705ms
[2022-10-27 19:13:41.750 -04:00  INF]  Request starting HTTP/1.1 POST https://localhost:7020/api/Departement application/json 148
[2022-10-27 19:13:41.752 -04:00  INF]  Executing endpoint 'Gesc.Api.Controllers.DepartementController.AjouterUnDepartement (Gesc.Api)'
[2022-10-27 19:13:41.781 -04:00  INF]  Route matched with {action = "AjouterUnDepartement", controller = "Departement"}. Executing controller action with signature System.Threading.Tasks.Task`1[Microsoft.AspNetCore.Mvc.ActionResult`1[MsCommun.Reponses.ReponseDeRequette]] AjouterUnDepartement(Gesc.Api.Dtos.Config.Departements.DepartementACreerDto) on controller Gesc.Api.Controllers.DepartementController (Gesc.Api).
[2022-10-27 19:13:41.968 -04:00  INF]  Entity Framework Core 6.0.10 initialized 'SchoolConfigDbContext' using provider 'Microsoft.EntityFrameworkCore.Sqlite:6.0.10' with options: None
[2022-10-27 19:13:42.473 -04:00  INF]  Executed DbCommand (15ms) [Parameters=[@__get_Item_0='?' (DbType = Guid)], CommandType='"Text"', CommandTimeout='30']
SELECT "e"."Id", "e"."Cygle", "e"."DateCreation", "e"."DateDerniereModification", "e"."Description", "e"."Designation", "e"."Specialite"
FROM "Ecoles" AS "e"
WHERE "e"."Id" = @__get_Item_0
LIMIT 1
[2022-10-27 19:13:42.937 -04:00  INF]  Executed DbCommand (2ms) [Parameters=[@p0='?' (DbType = Guid), @p1='?' (Size = 3), @p2='?' (DbType = DateTime), @p3='?' (DbType = DateTime), @p4='?' (Size = 24), @p5='?' (Size = 9), @p6='?' (DbType = Guid)], CommandType='"Text"', CommandTimeout='30']
INSERT INTO "Departements" ("Id", "Cygle", "DateCreation", "DateDerniereModification", "Description", "Designation", "EcoleId")
VALUES (@p0, @p1, @p2, @p3, @p4, @p5, @p6);
[2022-10-27 19:13:42.956 -04:00  INF]  Executed DbCommand (3ms) [Parameters=[@p1='?' (DbType = Guid), @p0='?' (DbType = DateTime)], CommandType='"Text"', CommandTimeout='30']
UPDATE "Ecoles" SET "DateDerniereModification" = @p0
WHERE "Id" = @p1;
SELECT changes();
[2022-10-27 19:13:43.022 -04:00  INF]  Executed DbCommand (0ms) [Parameters=[@p1='?' (DbType = Guid), @p0='?' (DbType = DateTime)], CommandType='"Text"', CommandTimeout='30']
UPDATE "Departements" SET "DateDerniereModification" = @p0
WHERE "Id" = @p1;
SELECT changes();
[2022-10-27 19:13:43.033 -04:00  INF]  Executed DbCommand (0ms) [Parameters=[@p1='?' (DbType = Guid), @p0='?' (DbType = DateTime)], CommandType='"Text"', CommandTimeout='30']
UPDATE "Ecoles" SET "DateDerniereModification" = @p0
WHERE "Id" = @p1;
SELECT changes();
[2022-10-27 19:13:43.040 -04:00  INF]  Executing OkObjectResult, writing value of type 'MsCommun.Reponses.ReponseDeRequette'.
[2022-10-27 19:13:43.046 -04:00  INF]  Executed action Gesc.Api.Controllers.DepartementController.AjouterUnDepartement (Gesc.Api) in 1261.0488ms
[2022-10-27 19:13:43.050 -04:00  INF]  Executed endpoint 'Gesc.Api.Controllers.DepartementController.AjouterUnDepartement (Gesc.Api)'
[2022-10-27 19:13:43.052 -04:00  INF]  Request finished HTTP/1.1 POST https://localhost:7020/api/Departement application/json 148 - 200 - application/json;+charset=utf-8 1302.2778ms
[2022-10-27 19:14:18.430 -04:00  INF]  Request starting HTTP/1.1 GET https://localhost:7020/api/Departement/ecole/:0dcee4bd-c5fb-4873-a5b3-ce1cd6a69fe3 - -
[2022-10-27 19:14:18.443 -04:00  INF]  Executing endpoint 'Gesc.Api.Controllers.DepartementController.LireTousLesDepartementDuneEcoleParEcoleId (Gesc.Api)'
[2022-10-27 19:14:18.453 -04:00  INF]  Route matched with {action = "LireTousLesDepartementDuneEcoleParEcoleId", controller = "Departement"}. Executing controller action with signature System.Threading.Tasks.Task`1[Microsoft.AspNetCore.Mvc.ActionResult`1[System.Collections.Generic.List`1[Gesc.Api.Dtos.Config.Departements.DepartementDto]]] LireTousLesDepartementDuneEcoleParEcoleId(System.Guid) on controller Gesc.Api.Controllers.DepartementController (Gesc.Api).
[2022-10-27 19:14:18.467 -04:00  INF]  Executing BadRequestObjectResult, writing value of type 'Microsoft.AspNetCore.Mvc.ValidationProblemDetails'.
[2022-10-27 19:14:18.472 -04:00  INF]  Executed action Gesc.Api.Controllers.DepartementController.LireTousLesDepartementDuneEcoleParEcoleId (Gesc.Api) in 15.4209ms
[2022-10-27 19:14:18.475 -04:00  INF]  Executed endpoint 'Gesc.Api.Controllers.DepartementController.LireTousLesDepartementDuneEcoleParEcoleId (Gesc.Api)'
[2022-10-27 19:14:18.478 -04:00  INF]  Request finished HTTP/1.1 GET https://localhost:7020/api/Departement/ecole/:0dcee4bd-c5fb-4873-a5b3-ce1cd6a69fe3 - - - 400 - application/problem+json;+charset=utf-8 47.6568ms
[2022-10-27 19:14:24.585 -04:00  INF]  Request starting HTTP/1.1 GET https://localhost:7020/api/Departement/ecole/0dcee4bd-c5fb-4873-a5b3-ce1cd6a69fe3 - -
[2022-10-27 19:14:24.587 -04:00  INF]  Executing endpoint 'Gesc.Api.Controllers.DepartementController.LireTousLesDepartementDuneEcoleParEcoleId (Gesc.Api)'
[2022-10-27 19:14:24.589 -04:00  INF]  Route matched with {action = "LireTousLesDepartementDuneEcoleParEcoleId", controller = "Departement"}. Executing controller action with signature System.Threading.Tasks.Task`1[Microsoft.AspNetCore.Mvc.ActionResult`1[System.Collections.Generic.List`1[Gesc.Api.Dtos.Config.Departements.DepartementDto]]] LireTousLesDepartementDuneEcoleParEcoleId(System.Guid) on controller Gesc.Api.Controllers.DepartementController (Gesc.Api).
[2022-10-27 19:14:24.601 -04:00  INF]  Entity Framework Core 6.0.10 initialized 'SchoolConfigDbContext' using provider 'Microsoft.EntityFrameworkCore.Sqlite:6.0.10' with options: None
[2022-10-27 19:14:24.605 -04:00  INF]  Executed DbCommand (0ms) [Parameters=[], CommandType='"Text"', CommandTimeout='30']
SELECT "d"."Id", "d"."Cygle", "d"."DateCreation", "d"."DateDerniereModification", "d"."Description", "d"."Designation", "d"."EcoleId"
FROM "Departements" AS "d"
[2022-10-27 19:14:24.630 -04:00  INF]  Executing StatusCodeResult, setting HTTP status code 204
[2022-10-27 19:14:24.631 -04:00  INF]  Executed action Gesc.Api.Controllers.DepartementController.LireTousLesDepartementDuneEcoleParEcoleId (Gesc.Api) in 35.8294ms
[2022-10-27 19:14:24.634 -04:00  INF]  Executed endpoint 'Gesc.Api.Controllers.DepartementController.LireTousLesDepartementDuneEcoleParEcoleId (Gesc.Api)'
[2022-10-27 19:14:24.638 -04:00  INF]  Request finished HTTP/1.1 GET https://localhost:7020/api/Departement/ecole/0dcee4bd-c5fb-4873-a5b3-ce1cd6a69fe3 - - - 204 - - 52.9744ms
[2022-10-27 19:14:38.559 -04:00  INF]  Request starting HTTP/1.1 GET https://localhost:7020/api/Departement/ecole/0dcee4bd-c5fb-4873-a5b3-ce1cd6a69fe3 - -
[2022-10-27 19:14:38.561 -04:00  INF]  Executing endpoint 'Gesc.Api.Controllers.DepartementController.LireTousLesDepartementDuneEcoleParEcoleId (Gesc.Api)'
[2022-10-27 19:14:38.567 -04:00  INF]  Route matched with {action = "LireTousLesDepartementDuneEcoleParEcoleId", controller = "Departement"}. Executing controller action with signature System.Threading.Tasks.Task`1[Microsoft.AspNetCore.Mvc.ActionResult`1[System.Collections.Generic.List`1[Gesc.Api.Dtos.Config.Departements.DepartementDto]]] LireTousLesDepartementDuneEcoleParEcoleId(System.Guid) on controller Gesc.Api.Controllers.DepartementController (Gesc.Api).
[2022-10-27 19:15:00.716 -04:00  INF]  Entity Framework Core 6.0.10 initialized 'SchoolConfigDbContext' using provider 'Microsoft.EntityFrameworkCore.Sqlite:6.0.10' with options: None
[2022-10-27 19:15:00.721 -04:00  INF]  Executed DbCommand (0ms) [Parameters=[], CommandType='"Text"', CommandTimeout='30']
SELECT "d"."Id", "d"."Cygle", "d"."DateCreation", "d"."DateDerniereModification", "d"."Description", "d"."Designation", "d"."EcoleId"
FROM "Departements" AS "d"
[2022-10-27 19:15:23.262 -04:00  INF]  Executing StatusCodeResult, setting HTTP status code 204
[2022-10-27 19:15:23.271 -04:00  INF]  Executed action Gesc.Api.Controllers.DepartementController.LireTousLesDepartementDuneEcoleParEcoleId (Gesc.Api) in 44698.7171ms
[2022-10-27 19:15:23.274 -04:00  INF]  Executed endpoint 'Gesc.Api.Controllers.DepartementController.LireTousLesDepartementDuneEcoleParEcoleId (Gesc.Api)'
[2022-10-27 19:15:23.278 -04:00  INF]  Request finished HTTP/1.1 GET https://localhost:7020/api/Departement/ecole/0dcee4bd-c5fb-4873-a5b3-ce1cd6a69fe3 - - - 204 - - 44719.5948ms
[2022-10-27 19:15:27.150 -04:00  INF]  Request starting HTTP/1.1 GET https://localhost:7020/api/Departement/ecole/0dcee4bd-c5fb-4873-a5b3-ce1cd6a69fe3 - -
[2022-10-27 19:15:27.154 -04:00  INF]  Executing endpoint 'Gesc.Api.Controllers.DepartementController.LireTousLesDepartementDuneEcoleParEcoleId (Gesc.Api)'
[2022-10-27 19:15:27.159 -04:00  INF]  Route matched with {action = "LireTousLesDepartementDuneEcoleParEcoleId", controller = "Departement"}. Executing controller action with signature System.Threading.Tasks.Task`1[Microsoft.AspNetCore.Mvc.ActionResult`1[System.Collections.Generic.List`1[Gesc.Api.Dtos.Config.Departements.DepartementDto]]] LireTousLesDepartementDuneEcoleParEcoleId(System.Guid) on controller Gesc.Api.Controllers.DepartementController (Gesc.Api).
[2022-10-27 19:15:46.104 -04:00  INF]  Entity Framework Core 6.0.10 initialized 'SchoolConfigDbContext' using provider 'Microsoft.EntityFrameworkCore.Sqlite:6.0.10' with options: None
[2022-10-27 19:15:46.111 -04:00  INF]  Executed DbCommand (0ms) [Parameters=[], CommandType='"Text"', CommandTimeout='30']
SELECT "d"."Id", "d"."Cygle", "d"."DateCreation", "d"."DateDerniereModification", "d"."Description", "d"."Designation", "d"."EcoleId"
FROM "Departements" AS "d"
[2022-10-27 19:15:46.115 -04:00  INF]  Executing StatusCodeResult, setting HTTP status code 204
[2022-10-27 19:15:46.117 -04:00  INF]  Executed action Gesc.Api.Controllers.DepartementController.LireTousLesDepartementDuneEcoleParEcoleId (Gesc.Api) in 18953.6137ms
[2022-10-27 19:15:46.119 -04:00  INF]  Executed endpoint 'Gesc.Api.Controllers.DepartementController.LireTousLesDepartementDuneEcoleParEcoleId (Gesc.Api)'
[2022-10-27 19:15:46.121 -04:00  INF]  Request finished HTTP/1.1 GET https://localhost:7020/api/Departement/ecole/0dcee4bd-c5fb-4873-a5b3-ce1cd6a69fe3 - - - 204 - - 18971.2017ms
[2022-10-27 19:16:41.750 -04:00  INF]  Request starting HTTP/1.1 GET https://localhost:7020/api/Departement/ecole/0dcee4bd-c5fb-4873-a5b3-ce1cd6a69fe3 - -
[2022-10-27 19:16:41.769 -04:00  INF]  Executing endpoint 'Gesc.Api.Controllers.DepartementController.LireTousLesDepartementDuneEcoleParEcoleId (Gesc.Api)'
[2022-10-27 19:16:41.771 -04:00  INF]  Route matched with {action = "LireTousLesDepartementDuneEcoleParEcoleId", controller = "Departement"}. Executing controller action with signature System.Threading.Tasks.Task`1[Microsoft.AspNetCore.Mvc.ActionResult`1[System.Collections.Generic.List`1[Gesc.Api.Dtos.Config.Departements.DepartementDto]]] LireTousLesDepartementDuneEcoleParEcoleId(System.Guid) on controller Gesc.Api.Controllers.DepartementController (Gesc.Api).
[2022-10-27 19:17:39.636 -04:00  INF]  Entity Framework Core 6.0.10 initialized 'SchoolConfigDbContext' using provider 'Microsoft.EntityFrameworkCore.Sqlite:6.0.10' with options: None
[2022-10-27 19:17:39.655 -04:00  INF]  Executed DbCommand (0ms) [Parameters=[], CommandType='"Text"', CommandTimeout='30']
SELECT "d"."Id", "d"."Cygle", "d"."DateCreation", "d"."DateDerniereModification", "d"."Description", "d"."Designation", "d"."EcoleId"
FROM "Departements" AS "d"
[2022-10-27 19:18:05.224 -04:00  INF]  Executing OkObjectResult, writing value of type 'System.Collections.Generic.List`1[[Gesc.Api.Dtos.Config.Departements.DepartementDto, Gesc.Api, Version=1.0.0.0, Culture=neutral, PublicKeyToken=null]]'.
[2022-10-27 19:18:05.244 -04:00  INF]  Executed action Gesc.Api.Controllers.DepartementController.LireTousLesDepartementDuneEcoleParEcoleId (Gesc.Api) in 83468.9978ms
[2022-10-27 19:18:05.247 -04:00  INF]  Executed endpoint 'Gesc.Api.Controllers.DepartementController.LireTousLesDepartementDuneEcoleParEcoleId (Gesc.Api)'
[2022-10-27 19:18:05.249 -04:00  INF]  Request finished HTTP/1.1 GET https://localhost:7020/api/Departement/ecole/0dcee4bd-c5fb-4873-a5b3-ce1cd6a69fe3 - - - 200 - application/json;+charset=utf-8 83500.6504ms
[2022-10-27 19:19:35.180 -04:00  INF]  Request starting HTTP/1.1 POST https://localhost:7020/api/Ecole application/json 161
[2022-10-27 19:19:35.183 -04:00  INF]  Executing endpoint 'Gesc.Api.Controllers.EcoleController.AjouterUnecole (Gesc.Api)'
[2022-10-27 19:19:35.189 -04:00  INF]  Route matched with {action = "AjouterUnecole", controller = "Ecole"}. Executing controller action with signature System.Threading.Tasks.Task`1[Microsoft.AspNetCore.Mvc.ActionResult`1[MsCommun.Reponses.ReponseDeRequette]] AjouterUnecole(Gesc.Api.Dtos.Config.Ecole.EcoleACreerDto) on controller Gesc.Api.Controllers.EcoleController (Gesc.Api).
[2022-10-27 19:19:35.209 -04:00  INF]  Entity Framework Core 6.0.10 initialized 'SchoolConfigDbContext' using provider 'Microsoft.EntityFrameworkCore.Sqlite:6.0.10' with options: None
[2022-10-27 19:19:35.214 -04:00  INF]  Executed DbCommand (0ms) [Parameters=[@p0='?' (DbType = Guid), @p1='?' (Size = 6), @p2='?' (DbType = DateTime), @p3='?' (DbType = DateTime), @p4='?' (Size = 22), @p5='?' (Size = 36), @p6='?' (Size = 18)], CommandType='"Text"', CommandTimeout='30']
INSERT INTO "Ecoles" ("Id", "Cygle", "DateCreation", "DateDerniereModification", "Description", "Designation", "Specialite")
VALUES (@p0, @p1, @p2, @p3, @p4, @p5, @p6);
[2022-10-27 19:19:35.227 -04:00  INF]  Executed DbCommand (0ms) [Parameters=[@p1='?' (DbType = Guid), @p0='?' (DbType = DateTime)], CommandType='"Text"', CommandTimeout='30']
UPDATE "Ecoles" SET "DateDerniereModification" = @p0
WHERE "Id" = @p1;
SELECT changes();
[2022-10-27 19:19:35.233 -04:00  INF]  Executing OkObjectResult, writing value of type 'MsCommun.Reponses.ReponseDeRequette'.
[2022-10-27 19:19:35.236 -04:00  INF]  Executed action Gesc.Api.Controllers.EcoleController.AjouterUnecole (Gesc.Api) in 42.8542ms
[2022-10-27 19:19:35.238 -04:00  INF]  Executed endpoint 'Gesc.Api.Controllers.EcoleController.AjouterUnecole (Gesc.Api)'
[2022-10-27 19:19:35.240 -04:00  INF]  Request finished HTTP/1.1 POST https://localhost:7020/api/Ecole application/json 161 - 200 - application/json;+charset=utf-8 65.1884ms
[2022-10-27 19:21:18.420 -04:00  INF]  Request starting HTTP/1.1 POST https://localhost:7020/api/Departement application/json 142
[2022-10-27 19:21:18.433 -04:00  INF]  Executing endpoint 'Gesc.Api.Controllers.DepartementController.AjouterUnDepartement (Gesc.Api)'
[2022-10-27 19:21:18.440 -04:00  INF]  Route matched with {action = "AjouterUnDepartement", controller = "Departement"}. Executing controller action with signature System.Threading.Tasks.Task`1[Microsoft.AspNetCore.Mvc.ActionResult`1[MsCommun.Reponses.ReponseDeRequette]] AjouterUnDepartement(Gesc.Api.Dtos.Config.Departements.DepartementACreerDto) on controller Gesc.Api.Controllers.DepartementController (Gesc.Api).
[2022-10-27 19:21:18.449 -04:00  INF]  Entity Framework Core 6.0.10 initialized 'SchoolConfigDbContext' using provider 'Microsoft.EntityFrameworkCore.Sqlite:6.0.10' with options: None
[2022-10-27 19:21:18.459 -04:00  INF]  Executed DbCommand (0ms) [Parameters=[@__get_Item_0='?' (DbType = Guid)], CommandType='"Text"', CommandTimeout='30']
SELECT "e"."Id", "e"."Cygle", "e"."DateCreation", "e"."DateDerniereModification", "e"."Description", "e"."Designation", "e"."Specialite"
FROM "Ecoles" AS "e"
WHERE "e"."Id" = @__get_Item_0
LIMIT 1
[2022-10-27 19:21:18.465 -04:00  INF]  Executed DbCommand (0ms) [Parameters=[@p0='?' (DbType = Guid), @p1='?' (Size = 4), @p2='?' (DbType = DateTime), @p3='?' (DbType = DateTime), @p4='?' (Size = 22), @p5='?' (Size = 4), @p6='?' (DbType = Guid)], CommandType='"Text"', CommandTimeout='30']
INSERT INTO "Departements" ("Id", "Cygle", "DateCreation", "DateDerniereModification", "Description", "Designation", "EcoleId")
VALUES (@p0, @p1, @p2, @p3, @p4, @p5, @p6);
[2022-10-27 19:21:18.470 -04:00  INF]  Executed DbCommand (0ms) [Parameters=[@p1='?' (DbType = Guid), @p0='?' (DbType = DateTime)], CommandType='"Text"', CommandTimeout='30']
UPDATE "Ecoles" SET "DateDerniereModification" = @p0
WHERE "Id" = @p1;
SELECT changes();
[2022-10-27 19:21:18.483 -04:00  INF]  Executed DbCommand (0ms) [Parameters=[@p1='?' (DbType = Guid), @p0='?' (DbType = DateTime)], CommandType='"Text"', CommandTimeout='30']
UPDATE "Departements" SET "DateDerniereModification" = @p0
WHERE "Id" = @p1;
SELECT changes();
[2022-10-27 19:21:18.488 -04:00  INF]  Executed DbCommand (0ms) [Parameters=[@p1='?' (DbType = Guid), @p0='?' (DbType = DateTime)], CommandType='"Text"', CommandTimeout='30']
UPDATE "Ecoles" SET "DateDerniereModification" = @p0
WHERE "Id" = @p1;
SELECT changes();
[2022-10-27 19:21:18.494 -04:00  INF]  Executing OkObjectResult, writing value of type 'MsCommun.Reponses.ReponseDeRequette'.
[2022-10-27 19:21:18.496 -04:00  INF]  Executed action Gesc.Api.Controllers.DepartementController.AjouterUnDepartement (Gesc.Api) in 51.2163ms
[2022-10-27 19:21:18.498 -04:00  INF]  Executed endpoint 'Gesc.Api.Controllers.DepartementController.AjouterUnDepartement (Gesc.Api)'
[2022-10-27 19:21:18.502 -04:00  INF]  Request finished HTTP/1.1 POST https://localhost:7020/api/Departement application/json 142 - 200 - application/json;+charset=utf-8 80.9902ms
[2022-10-27 19:21:23.206 -04:00  INF]  Request starting HTTP/1.1 GET https://localhost:7020/api/Departement/ecole/0dcee4bd-c5fb-4873-a5b3-ce1cd6a69fe3 - -
[2022-10-27 19:21:23.208 -04:00  INF]  Executing endpoint 'Gesc.Api.Controllers.DepartementController.LireTousLesDepartementDuneEcoleParEcoleId (Gesc.Api)'
[2022-10-27 19:21:23.214 -04:00  INF]  Route matched with {action = "LireTousLesDepartementDuneEcoleParEcoleId", controller = "Departement"}. Executing controller action with signature System.Threading.Tasks.Task`1[Microsoft.AspNetCore.Mvc.ActionResult`1[System.Collections.Generic.List`1[Gesc.Api.Dtos.Config.Departements.DepartementDto]]] LireTousLesDepartementDuneEcoleParEcoleId(System.Guid) on controller Gesc.Api.Controllers.DepartementController (Gesc.Api).
[2022-10-27 19:21:23.221 -04:00  INF]  Entity Framework Core 6.0.10 initialized 'SchoolConfigDbContext' using provider 'Microsoft.EntityFrameworkCore.Sqlite:6.0.10' with options: None
[2022-10-27 19:21:23.225 -04:00  INF]  Executed DbCommand (0ms) [Parameters=[], CommandType='"Text"', CommandTimeout='30']
SELECT "d"."Id", "d"."Cygle", "d"."DateCreation", "d"."DateDerniereModification", "d"."Description", "d"."Designation", "d"."EcoleId"
FROM "Departements" AS "d"
[2022-10-27 19:21:23.231 -04:00  INF]  Executing OkObjectResult, writing value of type 'System.Collections.Generic.List`1[[Gesc.Api.Dtos.Config.Departements.DepartementDto, Gesc.Api, Version=1.0.0.0, Culture=neutral, PublicKeyToken=null]]'.
[2022-10-27 19:21:23.240 -04:00  INF]  Executed action Gesc.Api.Controllers.DepartementController.LireTousLesDepartementDuneEcoleParEcoleId (Gesc.Api) in 20.8235ms
[2022-10-27 19:21:23.252 -04:00  INF]  Executed endpoint 'Gesc.Api.Controllers.DepartementController.LireTousLesDepartementDuneEcoleParEcoleId (Gesc.Api)'
[2022-10-27 19:21:23.255 -04:00  INF]  Request finished HTTP/1.1 GET https://localhost:7020/api/Departement/ecole/0dcee4bd-c5fb-4873-a5b3-ce1cd6a69fe3 - - - 200 - application/json;+charset=utf-8 49.4459ms
[2022-10-27 19:21:42.754 -04:00  INF]  Request starting HTTP/1.1 GET https://localhost:7020/api/Departement/ecole/df3f1d31-95c0-4458-9b64-ef40ec85ec5a - -
[2022-10-27 19:21:42.769 -04:00  INF]  Executing endpoint 'Gesc.Api.Controllers.DepartementController.LireTousLesDepartementDuneEcoleParEcoleId (Gesc.Api)'
[2022-10-27 19:21:42.772 -04:00  INF]  Route matched with {action = "LireTousLesDepartementDuneEcoleParEcoleId", controller = "Departement"}. Executing controller action with signature System.Threading.Tasks.Task`1[Microsoft.AspNetCore.Mvc.ActionResult`1[System.Collections.Generic.List`1[Gesc.Api.Dtos.Config.Departements.DepartementDto]]] LireTousLesDepartementDuneEcoleParEcoleId(System.Guid) on controller Gesc.Api.Controllers.DepartementController (Gesc.Api).
[2022-10-27 19:21:42.778 -04:00  INF]  Entity Framework Core 6.0.10 initialized 'SchoolConfigDbContext' using provider 'Microsoft.EntityFrameworkCore.Sqlite:6.0.10' with options: None
[2022-10-27 19:21:42.783 -04:00  INF]  Executed DbCommand (0ms) [Parameters=[], CommandType='"Text"', CommandTimeout='30']
SELECT "d"."Id", "d"."Cygle", "d"."DateCreation", "d"."DateDerniereModification", "d"."Description", "d"."Designation", "d"."EcoleId"
FROM "Departements" AS "d"
[2022-10-27 19:21:42.789 -04:00  INF]  Executing OkObjectResult, writing value of type 'System.Collections.Generic.List`1[[Gesc.Api.Dtos.Config.Departements.DepartementDto, Gesc.Api, Version=1.0.0.0, Culture=neutral, PublicKeyToken=null]]'.
[2022-10-27 19:21:42.792 -04:00  INF]  Executed action Gesc.Api.Controllers.DepartementController.LireTousLesDepartementDuneEcoleParEcoleId (Gesc.Api) in 14.236ms
[2022-10-27 19:21:42.794 -04:00  INF]  Executed endpoint 'Gesc.Api.Controllers.DepartementController.LireTousLesDepartementDuneEcoleParEcoleId (Gesc.Api)'
[2022-10-27 19:21:42.799 -04:00  INF]  Request finished HTTP/1.1 GET https://localhost:7020/api/Departement/ecole/df3f1d31-95c0-4458-9b64-ef40ec85ec5a - - - 200 - application/json;+charset=utf-8 44.5929ms
