[2022-11-07 07:16:28.009 -05:00  INF]  Now listening on: https://localhost:7020
[2022-11-07 07:16:28.091 -05:00  INF]  Now listening on: http://localhost:5020
[2022-11-07 07:16:28.099 -05:00  INF]  Application started. Press Ctrl+C to shut down.
[2022-11-07 07:16:28.101 -05:00  INF]  Hosting environment: Development
[2022-11-07 07:16:28.103 -05:00  INF]  Content root path: D:\Projets\Schoolap\Microservices\GESC\Gesc.Api\
[2022-11-07 07:16:49.141 -05:00  INF]  Request starting HTTP/1.1 GET http://localhost:5020/ - -
[2022-11-07 07:16:49.304 -05:00  INF]  Request finished HTTP/1.1 GET http://localhost:5020/ - - - 307 0 - 166.9158ms
[2022-11-07 07:16:49.421 -05:00  INF]  Request starting HTTP/2 GET https://localhost:7020/ - -
[2022-11-07 07:16:49.439 -05:00  INF]  Request finished HTTP/2 GET https://localhost:7020/ - - - 404 0 - 17.5731ms
[2022-11-07 07:16:54.821 -05:00  INF]  Request starting HTTP/2 GET https://localhost:7020/swagger - -
[2022-11-07 07:16:54.828 -05:00  INF]  Request finished HTTP/2 GET https://localhost:7020/swagger - - - 301 0 - 7.3130ms
[2022-11-07 07:16:54.836 -05:00  INF]  Request starting HTTP/2 GET https://localhost:7020/swagger/index.html - -
[2022-11-07 07:16:54.956 -05:00  INF]  Request finished HTTP/2 GET https://localhost:7020/swagger/index.html - - - 200 - text/html;charset=utf-8 119.3535ms
[2022-11-07 07:16:55.034 -05:00  INF]  Request starting HTTP/2 GET https://localhost:7020/swagger/swagger-ui.css - -
[2022-11-07 07:16:55.056 -05:00  INF]  Request starting HTTP/2 GET https://localhost:7020/swagger/swagger-ui-bundle.js - -
[2022-11-07 07:16:55.056 -05:00  INF]  Request starting HTTP/2 GET https://localhost:7020/swagger/swagger-ui-standalone-preset.js - -
[2022-11-07 07:16:55.147 -05:00  INF]  Sending file. Request path: '/swagger-ui.css'. Physical path: 'N/A'
[2022-11-07 07:16:55.147 -05:00  INF]  Sending file. Request path: '/swagger-ui-standalone-preset.js'. Physical path: 'N/A'
[2022-11-07 07:16:55.180 -05:00  INF]  Request finished HTTP/2 GET https://localhost:7020/swagger/swagger-ui.css - - - 200 143632 text/css 146.4239ms
[2022-11-07 07:16:55.190 -05:00  INF]  Sending file. Request path: '/swagger-ui-bundle.js'. Physical path: 'N/A'
[2022-11-07 07:16:55.220 -05:00  INF]  Request finished HTTP/2 GET https://localhost:7020/swagger/swagger-ui-standalone-preset.js - - - 200 337162 application/javascript 165.4399ms
[2022-11-07 07:16:55.272 -05:00  INF]  Request finished HTTP/2 GET https://localhost:7020/swagger/swagger-ui-bundle.js - - - 200 1092889 application/javascript 220.8098ms
[2022-11-07 07:16:55.635 -05:00  INF]  Request starting HTTP/2 GET https://localhost:7020/swagger/v1/swagger.json - -
[2022-11-07 07:16:55.736 -05:00  INF]  Request starting HTTP/2 GET https://localhost:7020/swagger/favicon-32x32.png - -
[2022-11-07 07:16:55.738 -05:00  INF]  Sending file. Request path: '/favicon-32x32.png'. Physical path: 'N/A'
[2022-11-07 07:16:55.746 -05:00  INF]  Request finished HTTP/2 GET https://localhost:7020/swagger/favicon-32x32.png - - - 200 628 image/png 10.2260ms
[2022-11-07 07:16:55.907 -05:00  INF]  Request finished HTTP/2 GET https://localhost:7020/swagger/v1/swagger.json - - - 200 - application/json;charset=utf-8 271.4755ms
[2022-11-07 07:17:19.266 -05:00  INF]  Request starting HTTP/2 GET https://localhost:7020/api/Cycle - -
[2022-11-07 07:17:19.309 -05:00  INF]  Executing endpoint 'Gesc.Api.Controllers.CycleController.LireTousLesCycles (Gesc.Api)'
[2022-11-07 07:17:19.352 -05:00  INF]  Route matched with {action = "LireTousLesCycles", controller = "Cycle"}. Executing controller action with signature System.Threading.Tasks.Task`1[Microsoft.AspNetCore.Mvc.ActionResult`1[System.Collections.Generic.List`1[Gesc.Api.Dtos.Config.Cycles.CycleDto]]] LireTousLesCycles() on controller Gesc.Api.Controllers.CycleController (Gesc.Api).
[2022-11-07 07:17:20.700 -05:00  INF]  Entity Framework Core 6.0.10 initialized 'SchoolConfigDbContext' using provider 'Microsoft.EntityFrameworkCore.InMemory:6.0.10' with options: StoreName=InMem 
[2022-11-07 07:17:21.000 -05:00  INF]  Executing StatusCodeResult, setting HTTP status code 204
[2022-11-07 07:17:21.017 -05:00  INF]  Executed action Gesc.Api.Controllers.CycleController.LireTousLesCycles (Gesc.Api) in 1644.4764ms
[2022-11-07 07:17:21.022 -05:00  INF]  Executed endpoint 'Gesc.Api.Controllers.CycleController.LireTousLesCycles (Gesc.Api)'
[2022-11-07 07:17:21.052 -05:00  INF]  Request finished HTTP/2 GET https://localhost:7020/api/Cycle - - - 204 - - 1786.7362ms
[2022-11-07 07:18:35.887 -05:00  INF]  Application is shutting down...
[2022-11-07 07:18:44.657 -05:00  INF]  Now listening on: https://localhost:7020
[2022-11-07 07:18:44.724 -05:00  INF]  Now listening on: http://localhost:5020
[2022-11-07 07:18:44.731 -05:00  INF]  Application started. Press Ctrl+C to shut down.
[2022-11-07 07:18:44.733 -05:00  INF]  Hosting environment: Development
[2022-11-07 07:18:44.739 -05:00  INF]  Content root path: D:\Projets\Schoolap\Microservices\GESC\Gesc.Api\
[2022-11-07 07:19:29.187 -05:00  INF]  Request starting HTTP/1.1 GET http://localhost:5020/ - -
[2022-11-07 07:19:29.426 -05:00  INF]  Request finished HTTP/1.1 GET http://localhost:5020/ - - - 307 0 - 246.7916ms
[2022-11-07 07:19:29.591 -05:00  INF]  Request starting HTTP/2 GET https://localhost:7020/ - -
[2022-11-07 07:19:29.657 -05:00  INF]  Request finished HTTP/2 GET https://localhost:7020/ - - - 404 0 - 66.4504ms
[2022-11-07 07:19:40.341 -05:00  INF]  Request starting HTTP/2 GET https://localhost:7020/swagger/index.html - -
[2022-11-07 07:19:40.483 -05:00  INF]  Request finished HTTP/2 GET https://localhost:7020/swagger/index.html - - - 200 - text/html;charset=utf-8 141.6558ms
[2022-11-07 07:19:41.152 -05:00  INF]  Request starting HTTP/2 GET https://localhost:7020/swagger/v1/swagger.json - -
[2022-11-07 07:19:41.443 -05:00  INF]  Request finished HTTP/2 GET https://localhost:7020/swagger/v1/swagger.json - - - 200 - application/json;charset=utf-8 290.7369ms
[2022-11-07 07:20:43.985 -05:00  INF]  Request starting HTTP/2 POST https://localhost:7020/api/Ecole application/json 135
[2022-11-07 07:20:44.036 -05:00  INF]  Executing endpoint 'GCE.Api.Controllers.EcoleController.AjouterUnecole (Gesc.Api)'
[2022-11-07 07:20:44.333 -05:00  INF]  Route matched with {action = "AjouterUnecole", controller = "Ecole"}. Executing controller action with signature System.Threading.Tasks.Task`1[Microsoft.AspNetCore.Mvc.ActionResult`1[MsCommun.Reponses.ReponseDeRequette]] AjouterUnecole(Gesc.Api.Dtos.Config.Ecole.EcoleACreerDto) on controller GCE.Api.Controllers.EcoleController (Gesc.Api).
[2022-11-07 07:20:45.882 -05:00  INF]  Entity Framework Core 6.0.10 initialized 'SchoolConfigDbContext' using provider 'Microsoft.EntityFrameworkCore.InMemory:6.0.10' with options: StoreName=InMem 
[2022-11-07 07:20:46.136 -05:00  INF]  Saved 1 entities to in-memory store.
[2022-11-07 07:20:46.178 -05:00  INF]  Saved 1 entities to in-memory store.
[2022-11-07 07:20:46.215 -05:00  INF]  Executing OkObjectResult, writing value of type 'MsCommun.Reponses.ReponseDeRequette'.
[2022-11-07 07:20:46.259 -05:00  INF]  Executed action GCE.Api.Controllers.EcoleController.AjouterUnecole (Gesc.Api) in 1846.772ms
[2022-11-07 07:20:46.262 -05:00  INF]  Executed endpoint 'GCE.Api.Controllers.EcoleController.AjouterUnecole (Gesc.Api)'
[2022-11-07 07:20:46.270 -05:00  INF]  Request finished HTTP/2 POST https://localhost:7020/api/Ecole application/json 135 - 200 - application/json;+charset=utf-8 2285.1348ms
[2022-11-07 07:21:22.854 -05:00  INF]  Request starting HTTP/2 GET https://localhost:7020/api/Ecole - -
[2022-11-07 07:21:22.860 -05:00  INF]  Executing endpoint 'GCE.Api.Controllers.EcoleController.LireTousLesEcoles (Gesc.Api)'
[2022-11-07 07:21:22.871 -05:00  INF]  Route matched with {action = "LireTousLesEcoles", controller = "Ecole"}. Executing controller action with signature System.Threading.Tasks.Task`1[Microsoft.AspNetCore.Mvc.ActionResult`1[System.Collections.Generic.List`1[Gesc.Api.Dtos.Config.Ecole.EcoleDto]]] LireTousLesEcoles() on controller GCE.Api.Controllers.EcoleController (Gesc.Api).
[2022-11-07 07:21:22.938 -05:00  INF]  Entity Framework Core 6.0.10 initialized 'SchoolConfigDbContext' using provider 'Microsoft.EntityFrameworkCore.InMemory:6.0.10' with options: StoreName=InMem 
[2022-11-07 07:21:23.117 -05:00  INF]  Executing OkObjectResult, writing value of type 'System.Collections.Generic.List`1[[Gesc.Api.Dtos.Config.Ecole.EcoleDto, Gesc.Api, Version=1.0.0.0, Culture=neutral, PublicKeyToken=null]]'.
[2022-11-07 07:21:23.125 -05:00  INF]  Executed action GCE.Api.Controllers.EcoleController.LireTousLesEcoles (Gesc.Api) in 239.3888ms
[2022-11-07 07:21:23.128 -05:00  INF]  Executed endpoint 'GCE.Api.Controllers.EcoleController.LireTousLesEcoles (Gesc.Api)'
[2022-11-07 07:21:23.134 -05:00  INF]  Request finished HTTP/2 GET https://localhost:7020/api/Ecole - - - 200 - application/json;+charset=utf-8 280.2618ms
[2022-11-07 07:24:33.248 -05:00  INF]  Request starting HTTP/2 POST https://localhost:7020/api/Departement application/json 163
[2022-11-07 07:24:33.254 -05:00  INF]  Executing endpoint 'Gesc.Api.Controllers.DepartementController.AjouterUnDepartement (Gesc.Api)'
[2022-11-07 07:24:33.279 -05:00  INF]  Route matched with {action = "AjouterUnDepartement", controller = "Departement"}. Executing controller action with signature System.Threading.Tasks.Task`1[Microsoft.AspNetCore.Mvc.ActionResult`1[MsCommun.Reponses.ReponseDeRequette]] AjouterUnDepartement(Gesc.Api.Dtos.Config.Departements.DepartementACreerDto) on controller Gesc.Api.Controllers.DepartementController (Gesc.Api).
[2022-11-07 07:24:33.358 -05:00  INF]  Entity Framework Core 6.0.10 initialized 'SchoolConfigDbContext' using provider 'Microsoft.EntityFrameworkCore.InMemory:6.0.10' with options: StoreName=InMem 
[2022-11-07 07:24:33.499 -05:00  INF]  Saved 2 entities to in-memory store.
[2022-11-07 07:24:33.503 -05:00  INF]  Saved 2 entities to in-memory store.
[2022-11-07 07:24:33.506 -05:00  INF]  Executing OkObjectResult, writing value of type 'MsCommun.Reponses.ReponseDeRequette'.
[2022-11-07 07:24:33.512 -05:00  INF]  Executed action Gesc.Api.Controllers.DepartementController.AjouterUnDepartement (Gesc.Api) in 215.9725ms
[2022-11-07 07:24:33.519 -05:00  INF]  Executed endpoint 'Gesc.Api.Controllers.DepartementController.AjouterUnDepartement (Gesc.Api)'
[2022-11-07 07:24:33.521 -05:00  INF]  Request finished HTTP/2 POST https://localhost:7020/api/Departement application/json 163 - 200 - application/json;+charset=utf-8 273.0479ms
[2022-11-07 07:24:41.742 -05:00  INF]  Request starting HTTP/2 GET https://localhost:7020/api/Departement - -
[2022-11-07 07:24:41.745 -05:00  INF]  Executing endpoint 'Gesc.Api.Controllers.DepartementController.LireTousLesDepartements (Gesc.Api)'
[2022-11-07 07:24:41.773 -05:00  INF]  Route matched with {action = "LireTousLesDepartements", controller = "Departement"}. Executing controller action with signature System.Threading.Tasks.Task`1[Microsoft.AspNetCore.Mvc.ActionResult`1[System.Collections.Generic.List`1[Gesc.Api.Dtos.Config.Departements.DepartementDto]]] LireTousLesDepartements() on controller Gesc.Api.Controllers.DepartementController (Gesc.Api).
[2022-11-07 07:24:41.806 -05:00  INF]  Entity Framework Core 6.0.10 initialized 'SchoolConfigDbContext' using provider 'Microsoft.EntityFrameworkCore.InMemory:6.0.10' with options: StoreName=InMem 
[2022-11-07 07:24:41.853 -05:00  INF]  Executing OkObjectResult, writing value of type 'System.Collections.Generic.List`1[[Gesc.Api.Dtos.Config.Departements.DepartementDto, Gesc.Api, Version=1.0.0.0, Culture=neutral, PublicKeyToken=null]]'.
[2022-11-07 07:24:41.869 -05:00  INF]  Executed action Gesc.Api.Controllers.DepartementController.LireTousLesDepartements (Gesc.Api) in 79.1524ms
[2022-11-07 07:24:41.876 -05:00  INF]  Executed endpoint 'Gesc.Api.Controllers.DepartementController.LireTousLesDepartements (Gesc.Api)'
[2022-11-07 07:24:41.882 -05:00  INF]  Request finished HTTP/2 GET https://localhost:7020/api/Departement - - - 200 - application/json;+charset=utf-8 140.7454ms
[2022-11-07 07:25:45.206 -05:00  INF]  Request starting HTTP/2 POST https://localhost:7020/api/Filiere application/json 164
[2022-11-07 07:25:45.209 -05:00  INF]  Executing endpoint 'Gesc.Api.Controllers.FiliereController.AjouterUneFiliere (Gesc.Api)'
[2022-11-07 07:25:45.246 -05:00  INF]  Route matched with {action = "AjouterUneFiliere", controller = "Filiere"}. Executing controller action with signature System.Threading.Tasks.Task`1[Microsoft.AspNetCore.Mvc.ActionResult`1[MsCommun.Reponses.ReponseDeRequette]] AjouterUneFiliere(Gesc.Api.Dtos.Config.Filieres.FiliereACreerDto) on controller Gesc.Api.Controllers.FiliereController (Gesc.Api).
[2022-11-07 07:25:45.269 -05:00  INF]  Entity Framework Core 6.0.10 initialized 'SchoolConfigDbContext' using provider 'Microsoft.EntityFrameworkCore.InMemory:6.0.10' with options: StoreName=InMem 
[2022-11-07 07:25:45.332 -05:00  INF]  Saved 2 entities to in-memory store.
[2022-11-07 07:25:45.334 -05:00  INF]  Saved 2 entities to in-memory store.
[2022-11-07 07:25:45.336 -05:00  INF]  Executing OkObjectResult, writing value of type 'MsCommun.Reponses.ReponseDeRequette'.
[2022-11-07 07:25:45.344 -05:00  INF]  Executed action Gesc.Api.Controllers.FiliereController.AjouterUneFiliere (Gesc.Api) in 92.5965ms
[2022-11-07 07:25:45.350 -05:00  INF]  Executed endpoint 'Gesc.Api.Controllers.FiliereController.AjouterUneFiliere (Gesc.Api)'
[2022-11-07 07:25:45.352 -05:00  INF]  Request finished HTTP/2 POST https://localhost:7020/api/Filiere application/json 164 - 200 - application/json;+charset=utf-8 146.0332ms
[2022-11-07 07:25:54.486 -05:00  INF]  Request starting HTTP/2 GET https://localhost:7020/api/Filiere - -
[2022-11-07 07:25:54.490 -05:00  INF]  Executing endpoint 'Gesc.Api.Controllers.FiliereController.LireTousLesFilieres (Gesc.Api)'
[2022-11-07 07:25:54.513 -05:00  INF]  Route matched with {action = "LireTousLesFilieres", controller = "Filiere"}. Executing controller action with signature System.Threading.Tasks.Task`1[Microsoft.AspNetCore.Mvc.ActionResult`1[System.Collections.Generic.List`1[Gesc.Api.Dtos.Config.Filieres.FiliereDto]]] LireTousLesFilieres() on controller Gesc.Api.Controllers.FiliereController (Gesc.Api).
[2022-11-07 07:25:54.535 -05:00  INF]  Entity Framework Core 6.0.10 initialized 'SchoolConfigDbContext' using provider 'Microsoft.EntityFrameworkCore.InMemory:6.0.10' with options: StoreName=InMem 
[2022-11-07 07:25:54.562 -05:00  INF]  Executing OkObjectResult, writing value of type 'System.Collections.Generic.List`1[[Gesc.Api.Dtos.Config.Filieres.FiliereDto, Gesc.Api, Version=1.0.0.0, Culture=neutral, PublicKeyToken=null]]'.
[2022-11-07 07:25:54.574 -05:00  INF]  Executed action Gesc.Api.Controllers.FiliereController.LireTousLesFilieres (Gesc.Api) in 46.2716ms
[2022-11-07 07:25:54.577 -05:00  INF]  Executed endpoint 'Gesc.Api.Controllers.FiliereController.LireTousLesFilieres (Gesc.Api)'
[2022-11-07 07:25:54.580 -05:00  INF]  Request finished HTTP/2 GET https://localhost:7020/api/Filiere - - - 200 - application/json;+charset=utf-8 93.6200ms
[2022-11-07 07:26:16.044 -05:00  INF]  Request starting HTTP/2 GET https://localhost:7020/api/Filiere - -
[2022-11-07 07:26:16.050 -05:00  INF]  Executing endpoint 'Gesc.Api.Controllers.FiliereController.LireTousLesFilieres (Gesc.Api)'
[2022-11-07 07:26:16.055 -05:00  INF]  Route matched with {action = "LireTousLesFilieres", controller = "Filiere"}. Executing controller action with signature System.Threading.Tasks.Task`1[Microsoft.AspNetCore.Mvc.ActionResult`1[System.Collections.Generic.List`1[Gesc.Api.Dtos.Config.Filieres.FiliereDto]]] LireTousLesFilieres() on controller Gesc.Api.Controllers.FiliereController (Gesc.Api).
[2022-11-07 07:26:16.137 -05:00  INF]  Entity Framework Core 6.0.10 initialized 'SchoolConfigDbContext' using provider 'Microsoft.EntityFrameworkCore.InMemory:6.0.10' with options: StoreName=InMem 
[2022-11-07 07:26:16.265 -05:00  INF]  Executing OkObjectResult, writing value of type 'System.Collections.Generic.List`1[[Gesc.Api.Dtos.Config.Filieres.FiliereDto, Gesc.Api, Version=1.0.0.0, Culture=neutral, PublicKeyToken=null]]'.
[2022-11-07 07:26:16.295 -05:00  INF]  Executed action Gesc.Api.Controllers.FiliereController.LireTousLesFilieres (Gesc.Api) in 168.274ms
[2022-11-07 07:26:16.310 -05:00  INF]  Executed endpoint 'Gesc.Api.Controllers.FiliereController.LireTousLesFilieres (Gesc.Api)'
[2022-11-07 07:26:16.325 -05:00  INF]  Request finished HTTP/2 GET https://localhost:7020/api/Filiere - - - 200 - application/json;+charset=utf-8 281.0388ms
[2022-11-07 07:26:44.104 -05:00  INF]  Application is shutting down...
