[2022-11-07 07:27:51.771 -05:00  INF]  Now listening on: https://localhost:7020
[2022-11-07 07:27:51.844 -05:00  INF]  Now listening on: http://localhost:5020
[2022-11-07 07:27:51.944 -05:00  INF]  Application started. Press Ctrl+C to shut down.
[2022-11-07 07:27:52.161 -05:00  INF]  Hosting environment: Development
[2022-11-07 07:27:52.180 -05:00  INF]  Content root path: D:\Projets\Schoolap\Microservices\GESC\Gesc.Api\
[2022-11-07 07:27:58.306 -05:00  INF]  Request starting HTTP/2 GET https://localhost:7020/api/Filiere - -
[2022-11-07 07:27:58.440 -05:00  INF]  Executing endpoint 'Gesc.Api.Controllers.FiliereController.LireTousLesFilieres (Gesc.Api)'
[2022-11-07 07:27:58.475 -05:00  INF]  Route matched with {action = "LireTousLesFilieres", controller = "Filiere"}. Executing controller action with signature System.Threading.Tasks.Task`1[Microsoft.AspNetCore.Mvc.ActionResult`1[System.Collections.Generic.List`1[Gesc.Api.Dtos.Config.Filieres.FiliereDto]]] LireTousLesFilieres() on controller Gesc.Api.Controllers.FiliereController (Gesc.Api).
[2022-11-07 07:27:59.469 -05:00  INF]  Entity Framework Core 6.0.10 initialized 'SchoolConfigDbContext' using provider 'Microsoft.EntityFrameworkCore.InMemory:6.0.10' with options: StoreName=InMem 
[2022-11-07 07:27:59.667 -05:00  INF]  Executing StatusCodeResult, setting HTTP status code 204
[2022-11-07 07:27:59.684 -05:00  INF]  Executed action Gesc.Api.Controllers.FiliereController.LireTousLesFilieres (Gesc.Api) in 1191.335ms
[2022-11-07 07:27:59.687 -05:00  INF]  Executed endpoint 'Gesc.Api.Controllers.FiliereController.LireTousLesFilieres (Gesc.Api)'
[2022-11-07 07:27:59.725 -05:00  INF]  Request finished HTTP/2 GET https://localhost:7020/api/Filiere - - - 204 - - 1426.2949ms
[2022-11-07 07:28:17.402 -05:00  INF]  Application is shutting down...
[2022-11-07 07:34:55.886 -05:00  INF]  Now listening on: https://localhost:7020
[2022-11-07 07:34:55.957 -05:00  INF]  Now listening on: http://localhost:5020
[2022-11-07 07:34:55.964 -05:00  INF]  Application started. Press Ctrl+C to shut down.
[2022-11-07 07:34:55.965 -05:00  INF]  Hosting environment: Development
[2022-11-07 07:34:55.967 -05:00  INF]  Content root path: D:\Projets\Schoolap\Microservices\GESC\Gesc.Api\
[2022-11-07 07:34:59.510 -05:00  INF]  Request starting HTTP/2 GET https://localhost:7020/swagger/index.html - -
[2022-11-07 07:35:01.123 -05:00  INF]  Request finished HTTP/2 GET https://localhost:7020/swagger/index.html - - - 200 - text/html;charset=utf-8 1617.6162ms
[2022-11-07 07:35:01.192 -05:00  INF]  Request starting HTTP/2 GET https://localhost:7020/_framework/aspnetcore-browser-refresh.js - -
[2022-11-07 07:35:01.230 -05:00  INF]  Request finished HTTP/2 GET https://localhost:7020/_framework/aspnetcore-browser-refresh.js - - - 200 11986 application/javascript;+charset=utf-8 38.1242ms
[2022-11-07 07:35:01.276 -05:00  INF]  Request starting HTTP/2 GET https://localhost:7020/_vs/browserLink - -
[2022-11-07 07:35:01.480 -05:00  INF]  Request finished HTTP/2 GET https://localhost:7020/_vs/browserLink - - - 200 - text/javascript;+charset=UTF-8 203.7566ms
[2022-11-07 07:35:01.661 -05:00  INF]  Request starting HTTP/2 GET https://localhost:7020/swagger/v1/swagger.json - -
[2022-11-07 07:35:02.305 -05:00  INF]  Request finished HTTP/2 GET https://localhost:7020/swagger/v1/swagger.json - - - 200 - application/json;charset=utf-8 643.3388ms
[2022-11-07 07:35:40.023 -05:00  INF]  Request starting HTTP/2 GET https://localhost:7020/api/Ecole - -
[2022-11-07 07:35:40.051 -05:00  INF]  Executing endpoint 'GCE.Api.Controllers.EcoleController.LireTousLesEcoles (Gesc.Api)'
[2022-11-07 07:35:40.081 -05:00  INF]  Route matched with {action = "LireTousLesEcoles", controller = "Ecole"}. Executing controller action with signature System.Threading.Tasks.Task`1[Microsoft.AspNetCore.Mvc.ActionResult`1[System.Collections.Generic.List`1[Gesc.Api.Dtos.Config.Ecole.EcoleDto]]] LireTousLesEcoles() on controller GCE.Api.Controllers.EcoleController (Gesc.Api).
[2022-11-07 07:35:42.651 -05:00  INF]  Entity Framework Core 6.0.10 initialized 'SchoolConfigDbContext' using provider 'Microsoft.EntityFrameworkCore.InMemory:6.0.10' with options: StoreName=InMem 
[2022-11-07 07:35:43.097 -05:00  INF]  Executing StatusCodeResult, setting HTTP status code 204
[2022-11-07 07:35:43.126 -05:00  INF]  Executed action GCE.Api.Controllers.EcoleController.LireTousLesEcoles (Gesc.Api) in 3028.6941ms
[2022-11-07 07:35:43.130 -05:00  INF]  Executed endpoint 'GCE.Api.Controllers.EcoleController.LireTousLesEcoles (Gesc.Api)'
[2022-11-07 07:35:43.146 -05:00  INF]  Request finished HTTP/2 GET https://localhost:7020/api/Ecole - - - 204 - - 3122.4231ms
[2022-11-07 07:36:07.715 -05:00  INF]  Request starting HTTP/2 POST https://localhost:7020/api/Ecole application/json 260
[2022-11-07 07:36:07.721 -05:00  INF]  Executing endpoint 'GCE.Api.Controllers.EcoleController.AjouterUnecole (Gesc.Api)'
[2022-11-07 07:36:07.752 -05:00  INF]  Route matched with {action = "AjouterUnecole", controller = "Ecole"}. Executing controller action with signature System.Threading.Tasks.Task`1[Microsoft.AspNetCore.Mvc.ActionResult`1[MsCommun.Reponses.ReponseDeRequette]] AjouterUnecole(Gesc.Api.Dtos.Config.Ecole.EcoleACreerDto) on controller GCE.Api.Controllers.EcoleController (Gesc.Api).
[2022-11-07 07:36:08.014 -05:00  INF]  Executing OkObjectResult, writing value of type 'MsCommun.Reponses.ReponseDeRequette'.
[2022-11-07 07:36:08.047 -05:00  INF]  Executed action GCE.Api.Controllers.EcoleController.AjouterUnecole (Gesc.Api) in 291.6005ms
[2022-11-07 07:36:08.051 -05:00  INF]  Executed endpoint 'GCE.Api.Controllers.EcoleController.AjouterUnecole (Gesc.Api)'
[2022-11-07 07:36:08.053 -05:00  INF]  Request finished HTTP/2 POST https://localhost:7020/api/Ecole application/json 260 - 200 - application/json;+charset=utf-8 337.8066ms
[2022-11-07 07:36:21.922 -05:00  INF]  Request starting HTTP/2 POST https://localhost:7020/api/Ecole application/json 235
[2022-11-07 07:36:21.924 -05:00  INF]  Executing endpoint 'GCE.Api.Controllers.EcoleController.AjouterUnecole (Gesc.Api)'
[2022-11-07 07:36:21.926 -05:00  INF]  Route matched with {action = "AjouterUnecole", controller = "Ecole"}. Executing controller action with signature System.Threading.Tasks.Task`1[Microsoft.AspNetCore.Mvc.ActionResult`1[MsCommun.Reponses.ReponseDeRequette]] AjouterUnecole(Gesc.Api.Dtos.Config.Ecole.EcoleACreerDto) on controller GCE.Api.Controllers.EcoleController (Gesc.Api).
[2022-11-07 07:36:22.009 -05:00  INF]  Entity Framework Core 6.0.10 initialized 'SchoolConfigDbContext' using provider 'Microsoft.EntityFrameworkCore.InMemory:6.0.10' with options: StoreName=InMem 
[2022-11-07 07:36:22.472 -05:00  INF]  Saved 1 entities to in-memory store.
[2022-11-07 07:36:22.520 -05:00  INF]  Saved 1 entities to in-memory store.
[2022-11-07 07:36:22.525 -05:00  INF]  Executing OkObjectResult, writing value of type 'MsCommun.Reponses.ReponseDeRequette'.
[2022-11-07 07:36:22.528 -05:00  INF]  Executed action GCE.Api.Controllers.EcoleController.AjouterUnecole (Gesc.Api) in 597.2122ms
[2022-11-07 07:36:22.531 -05:00  INF]  Executed endpoint 'GCE.Api.Controllers.EcoleController.AjouterUnecole (Gesc.Api)'
[2022-11-07 07:36:22.535 -05:00  INF]  Request finished HTTP/2 POST https://localhost:7020/api/Ecole application/json 235 - 200 - application/json;+charset=utf-8 613.3706ms
[2022-11-07 07:36:30.582 -05:00  INF]  Request starting HTTP/2 GET https://localhost:7020/api/Ecole - -
[2022-11-07 07:36:30.584 -05:00  INF]  Executing endpoint 'GCE.Api.Controllers.EcoleController.LireTousLesEcoles (Gesc.Api)'
[2022-11-07 07:36:30.586 -05:00  INF]  Route matched with {action = "LireTousLesEcoles", controller = "Ecole"}. Executing controller action with signature System.Threading.Tasks.Task`1[Microsoft.AspNetCore.Mvc.ActionResult`1[System.Collections.Generic.List`1[Gesc.Api.Dtos.Config.Ecole.EcoleDto]]] LireTousLesEcoles() on controller GCE.Api.Controllers.EcoleController (Gesc.Api).
[2022-11-07 07:36:30.655 -05:00  INF]  Entity Framework Core 6.0.10 initialized 'SchoolConfigDbContext' using provider 'Microsoft.EntityFrameworkCore.InMemory:6.0.10' with options: StoreName=InMem 
[2022-11-07 07:36:30.673 -05:00  INF]  Executing OkObjectResult, writing value of type 'System.Collections.Generic.List`1[[Gesc.Api.Dtos.Config.Ecole.EcoleDto, Gesc.Api, Version=1.0.0.0, Culture=neutral, PublicKeyToken=null]]'.
[2022-11-07 07:36:30.680 -05:00  INF]  Executed action GCE.Api.Controllers.EcoleController.LireTousLesEcoles (Gesc.Api) in 54.2535ms
[2022-11-07 07:36:30.683 -05:00  INF]  Executed endpoint 'GCE.Api.Controllers.EcoleController.LireTousLesEcoles (Gesc.Api)'
[2022-11-07 07:36:30.685 -05:00  INF]  Request finished HTTP/2 GET https://localhost:7020/api/Ecole - - - 200 - application/json;+charset=utf-8 103.6716ms
[2022-11-07 07:37:00.503 -05:00  INF]  Request starting HTTP/2 POST https://localhost:7020/api/Departement application/json 174
[2022-11-07 07:37:00.506 -05:00  INF]  Executing endpoint 'Gesc.Api.Controllers.DepartementController.AjouterUnDepartement (Gesc.Api)'
[2022-11-07 07:37:00.512 -05:00  INF]  Route matched with {action = "AjouterUnDepartement", controller = "Departement"}. Executing controller action with signature System.Threading.Tasks.Task`1[Microsoft.AspNetCore.Mvc.ActionResult`1[MsCommun.Reponses.ReponseDeRequette]] AjouterUnDepartement(Gesc.Api.Dtos.Config.Departements.DepartementACreerDto) on controller Gesc.Api.Controllers.DepartementController (Gesc.Api).
[2022-11-07 07:37:00.571 -05:00  INF]  Entity Framework Core 6.0.10 initialized 'SchoolConfigDbContext' using provider 'Microsoft.EntityFrameworkCore.InMemory:6.0.10' with options: StoreName=InMem 
[2022-11-07 07:37:01.146 -05:00  INF]  Saved 2 entities to in-memory store.
[2022-11-07 07:37:01.148 -05:00  INF]  Saved 2 entities to in-memory store.
[2022-11-07 07:37:01.149 -05:00  INF]  Executing OkObjectResult, writing value of type 'MsCommun.Reponses.ReponseDeRequette'.
[2022-11-07 07:37:01.154 -05:00  INF]  Executed action Gesc.Api.Controllers.DepartementController.AjouterUnDepartement (Gesc.Api) in 637.8873ms
[2022-11-07 07:37:01.156 -05:00  INF]  Executed endpoint 'Gesc.Api.Controllers.DepartementController.AjouterUnDepartement (Gesc.Api)'
[2022-11-07 07:37:01.158 -05:00  INF]  Request finished HTTP/2 POST https://localhost:7020/api/Departement application/json 174 - 200 - application/json;+charset=utf-8 655.2208ms
[2022-11-07 07:37:27.149 -05:00  INF]  Request starting HTTP/2 POST https://localhost:7020/api/Filiere application/json 195
[2022-11-07 07:37:27.153 -05:00  INF]  Executing endpoint 'Gesc.Api.Controllers.FiliereController.AjouterUneFiliere (Gesc.Api)'
[2022-11-07 07:37:27.158 -05:00  INF]  Route matched with {action = "AjouterUneFiliere", controller = "Filiere"}. Executing controller action with signature System.Threading.Tasks.Task`1[Microsoft.AspNetCore.Mvc.ActionResult`1[MsCommun.Reponses.ReponseDeRequette]] AjouterUneFiliere(Gesc.Api.Dtos.Config.Filieres.FiliereACreerDto) on controller Gesc.Api.Controllers.FiliereController (Gesc.Api).
[2022-11-07 07:37:27.174 -05:00  INF]  Entity Framework Core 6.0.10 initialized 'SchoolConfigDbContext' using provider 'Microsoft.EntityFrameworkCore.InMemory:6.0.10' with options: StoreName=InMem 
[2022-11-07 07:37:27.245 -05:00  INF]  Saved 2 entities to in-memory store.
[2022-11-07 07:37:27.250 -05:00  INF]  Saved 2 entities to in-memory store.
[2022-11-07 07:37:27.251 -05:00  INF]  Executing OkObjectResult, writing value of type 'MsCommun.Reponses.ReponseDeRequette'.
[2022-11-07 07:37:27.254 -05:00  INF]  Executed action Gesc.Api.Controllers.FiliereController.AjouterUneFiliere (Gesc.Api) in 91.8002ms
[2022-11-07 07:37:27.256 -05:00  INF]  Executed endpoint 'Gesc.Api.Controllers.FiliereController.AjouterUneFiliere (Gesc.Api)'
[2022-11-07 07:37:27.258 -05:00  INF]  Request finished HTTP/2 POST https://localhost:7020/api/Filiere application/json 195 - 200 - application/json;+charset=utf-8 111.5535ms
